{
  "stats": {
    "suites": 12,
    "tests": 41,
    "passes": 1,
    "pending": 0,
    "failures": 40,
    "start": "2022-07-04T18:02:35.845Z",
    "end": "2022-07-04T18:05:20.874Z",
    "duration": 165029,
    "testsRegistered": 41,
    "passPercent": 2.4390243902439024,
    "pendingPercent": 0,
    "other": 0,
    "hasOther": false,
    "skipped": 0,
    "hasSkipped": false
  },
  "results": [
    {
      "uuid": "0927a7bd-113a-4484-a2a7-aa4e58b2cf6a",
      "title": "",
      "fullFile": "cypress/integration/project.spec.js",
      "file": "cypress/integration/project.spec.js",
      "beforeHooks": [],
      "afterHooks": [],
      "tests": [],
      "suites": [
        {
          "uuid": "f8a54492-87e5-4996-b051-ef784debaa36",
          "title": "1 - Adicione à página o título \"Paleta de Cores\".",
          "fullFile": "",
          "file": "",
          "beforeHooks": [],
          "afterHooks": [],
          "tests": [
            {
              "title": "Verifica se contém um elemento `h1` com o id `title` com o título correto",
              "fullTitle": "1 - Adicione à página o título \"Paleta de Cores\". Verifica se contém um elemento `h1` com o id `title` com o título correto",
              "timedOut": null,
              "duration": 103,
              "state": "passed",
              "speed": "slow",
              "pass": true,
              "fail": false,
              "pending": false,
              "context": null,
              "code": "cy.get('h1#title').should('contain.text', 'Paleta de Cores');",
              "err": {},
              "uuid": "0211fbf2-bb8e-4092-80e5-297027d4c3ab",
              "parentUUID": "f8a54492-87e5-4996-b051-ef784debaa36",
              "isHook": false,
              "skipped": false
            }
          ],
          "suites": [],
          "passes": [
            "0211fbf2-bb8e-4092-80e5-297027d4c3ab"
          ],
          "failures": [],
          "pending": [],
          "skipped": [],
          "duration": 103,
          "root": false,
          "rootEmpty": false,
          "_timeout": 2000
        },
        {
          "uuid": "eee9454e-b056-4044-bb35-ec23ab3f7c83",
          "title": "2 - Adicione à página uma paleta de quatro cores distintas.",
          "fullFile": "",
          "file": "",
          "beforeHooks": [],
          "afterHooks": [],
          "tests": [
            {
              "title": "A paleta de cores deve ser um elemento com `id` denominado `color-palette` e ter mais de 0px de altura e de largura.",
              "fullTitle": "2 - Adicione à página uma paleta de quatro cores distintas. A paleta de cores deve ser um elemento com `id` denominado `color-palette` e ter mais de 0px de altura e de largura.",
              "timedOut": null,
              "duration": 4169,
              "state": "failed",
              "speed": null,
              "pass": false,
              "fail": true,
              "pending": false,
              "context": null,
              "code": "cy.get('#color-palette').should('be.visible');\ncy.get('#color-palette').children('.color');",
              "err": {
                "message": "CypressError: Timed out retrying: Expected to find element: '#color-palette', but never found it.",
                "estack": "CypressError: Timed out retrying: Expected to find element: '#color-palette', but never found it.\n    at cypressErr (http://localhost:35325/__cypress/runner/cypress_runner.js:149934:9)\n    at throwErr (http://localhost:35325/__cypress/runner/cypress_runner.js:149867:11)\n    at Object.throwErrByPath (http://localhost:35325/__cypress/runner/cypress_runner.js:149915:3)\n    at retry (http://localhost:35325/__cypress/runner/cypress_runner.js:144197:19)\n    at onFailFn (http://localhost:35325/__cypress/runner/cypress_runner.js:132448:16)\n    at tryCatcher (http://localhost:35325/__cypress/runner/cypress_runner.js:167415:23)\n    at Promise._settlePromiseFromHandler (http://localhost:35325/__cypress/runner/cypress_runner.js:165351:31)\n    at Promise._settlePromise (http://localhost:35325/__cypress/runner/cypress_runner.js:165408:18)\n    at Promise._settlePromise0 (http://localhost:35325/__cypress/runner/cypress_runner.js:165453:10)\n    at Promise._settlePromises (http://localhost:35325/__cypress/runner/cypress_runner.js:165528:18)\n    at Async../node_modules/bluebird/js/release/async.js.Async._drainQueue (http://localhost:35325/__cypress/runner/cypress_runner.js:162140:16)\n    at Async../node_modules/bluebird/js/release/async.js.Async._drainQueues (http://localhost:35325/__cypress/runner/cypress_runner.js:162150:10)\n    at Async.drainQueues (http://localhost:35325/__cypress/runner/cypress_runner.js:162024:14)",
                "diff": null
              },
              "uuid": "65c9e9f9-3e9d-462a-9502-240fc423e9c7",
              "parentUUID": "eee9454e-b056-4044-bb35-ec23ab3f7c83",
              "isHook": false,
              "skipped": false
            },
            {
              "title": "Verifica se cada cor individual da paleta de cores possui a `classe` chamada `color`.",
              "fullTitle": "2 - Adicione à página uma paleta de quatro cores distintas. Verifica se cada cor individual da paleta de cores possui a `classe` chamada `color`.",
              "timedOut": null,
              "duration": 4190,
              "state": "failed",
              "speed": null,
              "pass": false,
              "fail": true,
              "pending": false,
              "context": null,
              "code": "cy.get('.color').should('have.length', 4).then(function (colors) {\n  for (var i = 0; i < colors.length; i++) {\n    cy.wrap(colors[i]).should('be.visible');\n  }\n});",
              "err": {
                "message": "CypressError: Timed out retrying: Expected to find element: '.color', but never found it.",
                "estack": "CypressError: Timed out retrying: Expected to find element: '.color', but never found it.\n    at cypressErr (http://localhost:35325/__cypress/runner/cypress_runner.js:149934:9)\n    at throwErr (http://localhost:35325/__cypress/runner/cypress_runner.js:149867:11)\n    at Object.throwErrByPath (http://localhost:35325/__cypress/runner/cypress_runner.js:149915:3)\n    at retry (http://localhost:35325/__cypress/runner/cypress_runner.js:144197:19)\n    at onFailFn (http://localhost:35325/__cypress/runner/cypress_runner.js:132448:16)\n    at tryCatcher (http://localhost:35325/__cypress/runner/cypress_runner.js:167415:23)\n    at Promise._settlePromiseFromHandler (http://localhost:35325/__cypress/runner/cypress_runner.js:165351:31)\n    at Promise._settlePromise (http://localhost:35325/__cypress/runner/cypress_runner.js:165408:18)\n    at Promise._settlePromise0 (http://localhost:35325/__cypress/runner/cypress_runner.js:165453:10)\n    at Promise._settlePromises (http://localhost:35325/__cypress/runner/cypress_runner.js:165528:18)\n    at Async../node_modules/bluebird/js/release/async.js.Async._drainQueue (http://localhost:35325/__cypress/runner/cypress_runner.js:162140:16)\n    at Async../node_modules/bluebird/js/release/async.js.Async._drainQueues (http://localhost:35325/__cypress/runner/cypress_runner.js:162150:10)\n    at Async.drainQueues (http://localhost:35325/__cypress/runner/cypress_runner.js:162024:14)",
                "diff": null
              },
              "uuid": "fab18a67-762c-4a49-83b6-ad7aab31525c",
              "parentUUID": "eee9454e-b056-4044-bb35-ec23ab3f7c83",
              "isHook": false,
              "skipped": false
            },
            {
              "title": "Verifica se a cor de fundo de cada elemento da paleta é a cor que o elemento representa. **A única cor não permitida na paleta é a cor branca.**",
              "fullTitle": "2 - Adicione à página uma paleta de quatro cores distintas. Verifica se a cor de fundo de cada elemento da paleta é a cor que o elemento representa. **A única cor não permitida na paleta é a cor branca.**",
              "timedOut": null,
              "duration": 4195,
              "state": "failed",
              "speed": null,
              "pass": false,
              "fail": true,
              "pending": false,
              "context": null,
              "code": "cy.get('.color').each(function (color) {\n  cy.wrap(color).should('have.class', 'color').and('not.have.css', 'background-color', WHITE);\n  cy.wrap(color).should('have.css', 'background-color');\n});",
              "err": {
                "message": "CypressError: Timed out retrying: Expected to find element: '.color', but never found it.",
                "estack": "CypressError: Timed out retrying: Expected to find element: '.color', but never found it.\n    at cypressErr (http://localhost:35325/__cypress/runner/cypress_runner.js:149934:9)\n    at throwErr (http://localhost:35325/__cypress/runner/cypress_runner.js:149867:11)\n    at Object.throwErrByPath (http://localhost:35325/__cypress/runner/cypress_runner.js:149915:3)\n    at retry (http://localhost:35325/__cypress/runner/cypress_runner.js:144197:19)\n    at onFailFn (http://localhost:35325/__cypress/runner/cypress_runner.js:132448:16)\n    at tryCatcher (http://localhost:35325/__cypress/runner/cypress_runner.js:167415:23)\n    at Promise._settlePromiseFromHandler (http://localhost:35325/__cypress/runner/cypress_runner.js:165351:31)\n    at Promise._settlePromise (http://localhost:35325/__cypress/runner/cypress_runner.js:165408:18)\n    at Promise._settlePromise0 (http://localhost:35325/__cypress/runner/cypress_runner.js:165453:10)\n    at Promise._settlePromises (http://localhost:35325/__cypress/runner/cypress_runner.js:165528:18)\n    at Async../node_modules/bluebird/js/release/async.js.Async._drainQueue (http://localhost:35325/__cypress/runner/cypress_runner.js:162140:16)\n    at Async../node_modules/bluebird/js/release/async.js.Async._drainQueues (http://localhost:35325/__cypress/runner/cypress_runner.js:162150:10)\n    at Async.drainQueues (http://localhost:35325/__cypress/runner/cypress_runner.js:162024:14)",
                "diff": null
              },
              "uuid": "209f6529-45d3-4aea-80bc-02959a7f4806",
              "parentUUID": "eee9454e-b056-4044-bb35-ec23ab3f7c83",
              "isHook": false,
              "skipped": false
            },
            {
              "title": "Verifica se cada elemento da paleta de cores tem uma borda preta, sólida e com 1 pixel de largura;",
              "fullTitle": "2 - Adicione à página uma paleta de quatro cores distintas. Verifica se cada elemento da paleta de cores tem uma borda preta, sólida e com 1 pixel de largura;",
              "timedOut": null,
              "duration": 4152,
              "state": "failed",
              "speed": null,
              "pass": false,
              "fail": true,
              "pending": false,
              "context": null,
              "code": "cy.get('.color').each(function (color) {\n  cy.wrap(color).and('have.css', 'border', \"1px solid \".concat(BLACK)).and('have.class', 'color');\n});",
              "err": {
                "message": "CypressError: Timed out retrying: Expected to find element: '.color', but never found it.",
                "estack": "CypressError: Timed out retrying: Expected to find element: '.color', but never found it.\n    at cypressErr (http://localhost:35325/__cypress/runner/cypress_runner.js:149934:9)\n    at throwErr (http://localhost:35325/__cypress/runner/cypress_runner.js:149867:11)\n    at Object.throwErrByPath (http://localhost:35325/__cypress/runner/cypress_runner.js:149915:3)\n    at retry (http://localhost:35325/__cypress/runner/cypress_runner.js:144197:19)\n    at onFailFn (http://localhost:35325/__cypress/runner/cypress_runner.js:132448:16)\n    at tryCatcher (http://localhost:35325/__cypress/runner/cypress_runner.js:167415:23)\n    at Promise._settlePromiseFromHandler (http://localhost:35325/__cypress/runner/cypress_runner.js:165351:31)\n    at Promise._settlePromise (http://localhost:35325/__cypress/runner/cypress_runner.js:165408:18)\n    at Promise._settlePromise0 (http://localhost:35325/__cypress/runner/cypress_runner.js:165453:10)\n    at Promise._settlePromises (http://localhost:35325/__cypress/runner/cypress_runner.js:165528:18)\n    at Async../node_modules/bluebird/js/release/async.js.Async._drainQueue (http://localhost:35325/__cypress/runner/cypress_runner.js:162140:16)\n    at Async../node_modules/bluebird/js/release/async.js.Async._drainQueues (http://localhost:35325/__cypress/runner/cypress_runner.js:162150:10)\n    at Async.drainQueues (http://localhost:35325/__cypress/runner/cypress_runner.js:162024:14)",
                "diff": null
              },
              "uuid": "ec7f0bf5-43dd-45a7-b139-36791c171734",
              "parentUUID": "eee9454e-b056-4044-bb35-ec23ab3f7c83",
              "isHook": false,
              "skipped": false
            },
            {
              "title": "Verifica se a paleta lista todas as cores disponíveis para utilização, lado a lado.",
              "fullTitle": "2 - Adicione à página uma paleta de quatro cores distintas. Verifica se a paleta lista todas as cores disponíveis para utilização, lado a lado.",
              "timedOut": null,
              "duration": 4184,
              "state": "failed",
              "speed": null,
              "pass": false,
              "fail": true,
              "pending": false,
              "context": null,
              "code": "cy.get('.color').then(function (colors) {\n  for (var index = 1; index < colors.length; index += 1) {\n    var currentColor = colors[index];\n    var previousColor = colors[index - 1];\n    cy.wrap(currentColor).should('be.onTheRightOf', previousColor).and('be.horizontallyAlignedWith', previousColor);\n  }\n});",
              "err": {
                "message": "CypressError: Timed out retrying: Expected to find element: '.color', but never found it.",
                "estack": "CypressError: Timed out retrying: Expected to find element: '.color', but never found it.\n    at cypressErr (http://localhost:35325/__cypress/runner/cypress_runner.js:149934:9)\n    at throwErr (http://localhost:35325/__cypress/runner/cypress_runner.js:149867:11)\n    at Object.throwErrByPath (http://localhost:35325/__cypress/runner/cypress_runner.js:149915:3)\n    at retry (http://localhost:35325/__cypress/runner/cypress_runner.js:144197:19)\n    at onFailFn (http://localhost:35325/__cypress/runner/cypress_runner.js:132448:16)\n    at tryCatcher (http://localhost:35325/__cypress/runner/cypress_runner.js:167415:23)\n    at Promise._settlePromiseFromHandler (http://localhost:35325/__cypress/runner/cypress_runner.js:165351:31)\n    at Promise._settlePromise (http://localhost:35325/__cypress/runner/cypress_runner.js:165408:18)\n    at Promise._settlePromise0 (http://localhost:35325/__cypress/runner/cypress_runner.js:165453:10)\n    at Promise._settlePromises (http://localhost:35325/__cypress/runner/cypress_runner.js:165528:18)\n    at Async../node_modules/bluebird/js/release/async.js.Async._drainQueue (http://localhost:35325/__cypress/runner/cypress_runner.js:162140:16)\n    at Async../node_modules/bluebird/js/release/async.js.Async._drainQueues (http://localhost:35325/__cypress/runner/cypress_runner.js:162150:10)\n    at Async.drainQueues (http://localhost:35325/__cypress/runner/cypress_runner.js:162024:14)",
                "diff": null
              },
              "uuid": "cf5f8c4f-a48a-495e-bda7-b3a8111720e2",
              "parentUUID": "eee9454e-b056-4044-bb35-ec23ab3f7c83",
              "isHook": false,
              "skipped": false
            },
            {
              "title": "Verifica se a paleta de cores está posicionada abaixo do título 'Paleta de Cores'",
              "fullTitle": "2 - Adicione à página uma paleta de quatro cores distintas. Verifica se a paleta de cores está posicionada abaixo do título 'Paleta de Cores'",
              "timedOut": null,
              "duration": 4220,
              "state": "failed",
              "speed": null,
              "pass": false,
              "fail": true,
              "pending": false,
              "context": null,
              "code": "cy.get('h1#title').then(function (title) {\n  cy.get('#color-palette').should('be.belowOf', title);\n});",
              "err": {
                "message": "CypressError: Timed out retrying: Expected to find element: '#color-palette', but never found it.",
                "estack": "CypressError: Timed out retrying: Expected to find element: '#color-palette', but never found it.\n    at cypressErr (http://localhost:35325/__cypress/runner/cypress_runner.js:149934:9)\n    at throwErr (http://localhost:35325/__cypress/runner/cypress_runner.js:149867:11)\n    at Object.throwErrByPath (http://localhost:35325/__cypress/runner/cypress_runner.js:149915:3)\n    at retry (http://localhost:35325/__cypress/runner/cypress_runner.js:144197:19)\n    at onFailFn (http://localhost:35325/__cypress/runner/cypress_runner.js:132448:16)\n    at tryCatcher (http://localhost:35325/__cypress/runner/cypress_runner.js:167415:23)\n    at Promise._settlePromiseFromHandler (http://localhost:35325/__cypress/runner/cypress_runner.js:165351:31)\n    at Promise._settlePromise (http://localhost:35325/__cypress/runner/cypress_runner.js:165408:18)\n    at Promise._settlePromise0 (http://localhost:35325/__cypress/runner/cypress_runner.js:165453:10)\n    at Promise._settlePromises (http://localhost:35325/__cypress/runner/cypress_runner.js:165528:18)\n    at Async../node_modules/bluebird/js/release/async.js.Async._drainQueue (http://localhost:35325/__cypress/runner/cypress_runner.js:162140:16)\n    at Async../node_modules/bluebird/js/release/async.js.Async._drainQueues (http://localhost:35325/__cypress/runner/cypress_runner.js:162150:10)\n    at Async.drainQueues (http://localhost:35325/__cypress/runner/cypress_runner.js:162024:14)",
                "diff": null
              },
              "uuid": "f7e2ad34-c610-43e1-8f93-b78f5bca7a9a",
              "parentUUID": "eee9454e-b056-4044-bb35-ec23ab3f7c83",
              "isHook": false,
              "skipped": false
            },
            {
              "title": "Verifica se a paleta de cores não contém cores repetidas.",
              "fullTitle": "2 - Adicione à página uma paleta de quatro cores distintas. Verifica se a paleta de cores não contém cores repetidas.",
              "timedOut": null,
              "duration": 4176,
              "state": "failed",
              "speed": null,
              "pass": false,
              "fail": true,
              "pending": false,
              "context": null,
              "code": "cy.get('.color').then(function (colors) {\n  var allColors = Array.from(colors).map(function (color) {\n    return Cypress.$(color).css('background-color');\n  });\n  cy.log(allColors);\n  var uniqColors = (0, _toConsumableArray2[\"default\"])(new Set(allColors));\n  cy.log(uniqColors);\n  expect(allColors.length).to.eq(uniqColors.length);\n});",
              "err": {
                "message": "CypressError: Timed out retrying: Expected to find element: '.color', but never found it.",
                "estack": "CypressError: Timed out retrying: Expected to find element: '.color', but never found it.\n    at cypressErr (http://localhost:35325/__cypress/runner/cypress_runner.js:149934:9)\n    at throwErr (http://localhost:35325/__cypress/runner/cypress_runner.js:149867:11)\n    at Object.throwErrByPath (http://localhost:35325/__cypress/runner/cypress_runner.js:149915:3)\n    at retry (http://localhost:35325/__cypress/runner/cypress_runner.js:144197:19)\n    at onFailFn (http://localhost:35325/__cypress/runner/cypress_runner.js:132448:16)\n    at tryCatcher (http://localhost:35325/__cypress/runner/cypress_runner.js:167415:23)\n    at Promise._settlePromiseFromHandler (http://localhost:35325/__cypress/runner/cypress_runner.js:165351:31)\n    at Promise._settlePromise (http://localhost:35325/__cypress/runner/cypress_runner.js:165408:18)\n    at Promise._settlePromise0 (http://localhost:35325/__cypress/runner/cypress_runner.js:165453:10)\n    at Promise._settlePromises (http://localhost:35325/__cypress/runner/cypress_runner.js:165528:18)\n    at Async../node_modules/bluebird/js/release/async.js.Async._drainQueue (http://localhost:35325/__cypress/runner/cypress_runner.js:162140:16)\n    at Async../node_modules/bluebird/js/release/async.js.Async._drainQueues (http://localhost:35325/__cypress/runner/cypress_runner.js:162150:10)\n    at Async.drainQueues (http://localhost:35325/__cypress/runner/cypress_runner.js:162024:14)",
                "diff": null
              },
              "uuid": "55e84d57-c9f1-4d1a-b041-628df7d0b77f",
              "parentUUID": "eee9454e-b056-4044-bb35-ec23ab3f7c83",
              "isHook": false,
              "skipped": false
            }
          ],
          "suites": [],
          "passes": [],
          "failures": [
            "65c9e9f9-3e9d-462a-9502-240fc423e9c7",
            "fab18a67-762c-4a49-83b6-ad7aab31525c",
            "209f6529-45d3-4aea-80bc-02959a7f4806",
            "ec7f0bf5-43dd-45a7-b139-36791c171734",
            "cf5f8c4f-a48a-495e-bda7-b3a8111720e2",
            "f7e2ad34-c610-43e1-8f93-b78f5bca7a9a",
            "55e84d57-c9f1-4d1a-b041-628df7d0b77f"
          ],
          "pending": [],
          "skipped": [],
          "duration": 29286,
          "root": false,
          "rootEmpty": false,
          "_timeout": 2000
        },
        {
          "uuid": "39d16e47-42fa-40da-91b2-c8b0851afb5e",
          "title": "3 - Adicione a cor **preta** como a primeira cor da paleta de cores.",
          "fullFile": "",
          "file": "",
          "beforeHooks": [],
          "afterHooks": [],
          "tests": [
            {
              "title": "Verifica se a primeira cor da paleta é preta",
              "fullTitle": "3 - Adicione a cor **preta** como a primeira cor da paleta de cores. Verifica se a primeira cor da paleta é preta",
              "timedOut": null,
              "duration": 4192,
              "state": "failed",
              "speed": null,
              "pass": false,
              "fail": true,
              "pending": false,
              "context": null,
              "code": "cy.get('.color').first().should('have.css', 'background-color', BLACK);",
              "err": {
                "message": "CypressError: Timed out retrying: Expected to find element: '.color', but never found it.",
                "estack": "CypressError: Timed out retrying: Expected to find element: '.color', but never found it.\n    at cypressErr (http://localhost:35325/__cypress/runner/cypress_runner.js:149934:9)\n    at throwErr (http://localhost:35325/__cypress/runner/cypress_runner.js:149867:11)\n    at Object.throwErrByPath (http://localhost:35325/__cypress/runner/cypress_runner.js:149915:3)\n    at retry (http://localhost:35325/__cypress/runner/cypress_runner.js:144197:19)\n    at onFailFn (http://localhost:35325/__cypress/runner/cypress_runner.js:132448:16)\n    at tryCatcher (http://localhost:35325/__cypress/runner/cypress_runner.js:167415:23)\n    at Promise._settlePromiseFromHandler (http://localhost:35325/__cypress/runner/cypress_runner.js:165351:31)\n    at Promise._settlePromise (http://localhost:35325/__cypress/runner/cypress_runner.js:165408:18)\n    at Promise._settlePromise0 (http://localhost:35325/__cypress/runner/cypress_runner.js:165453:10)\n    at Promise._settlePromises (http://localhost:35325/__cypress/runner/cypress_runner.js:165528:18)\n    at Async../node_modules/bluebird/js/release/async.js.Async._drainQueue (http://localhost:35325/__cypress/runner/cypress_runner.js:162140:16)\n    at Async../node_modules/bluebird/js/release/async.js.Async._drainQueues (http://localhost:35325/__cypress/runner/cypress_runner.js:162150:10)\n    at Async.drainQueues (http://localhost:35325/__cypress/runner/cypress_runner.js:162024:14)",
                "diff": null
              },
              "uuid": "1362fc8c-12c2-4d40-8877-8e543f9e0c1f",
              "parentUUID": "39d16e47-42fa-40da-91b2-c8b0851afb5e",
              "isHook": false,
              "skipped": false
            },
            {
              "title": "Verifica se as demais cores podem ser escolhidas livremente.",
              "fullTitle": "3 - Adicione a cor **preta** como a primeira cor da paleta de cores. Verifica se as demais cores podem ser escolhidas livremente.",
              "timedOut": null,
              "duration": 4201,
              "state": "failed",
              "speed": null,
              "pass": false,
              "fail": true,
              "pending": false,
              "context": null,
              "code": "cy.get('.color').eq(1).should('not.have.css', 'background-color', BLACK);\ncy.get('.color').eq(1).should('not.have.css', 'background-color', WHITE);\ncy.get('.color').eq(1).should('not.have.css', 'background-color', 'rgba(0, 0, 0, 0)');\ncy.get('.color').eq(1).should('have.css', 'background-color');\ncy.get('.color').eq(2).should('not.have.css', 'background-color', BLACK);\ncy.get('.color').eq(2).should('not.have.css', 'background-color', WHITE);\ncy.get('.color').eq(2).should('not.have.css', 'background-color', 'rgba(0, 0, 0, 0)');\ncy.get('.color').eq(2).should('have.css', 'background-color');\ncy.get('.color').eq(3).should('not.have.css', 'background-color', BLACK);\ncy.get('.color').eq(3).should('not.have.css', 'background-color', WHITE);\ncy.get('.color').eq(3).should('not.have.css', 'background-color', 'rgba(0, 0, 0, 0)');\ncy.get('.color').eq(3).should('have.css', 'background-color');",
              "err": {
                "message": "CypressError: Timed out retrying: Expected to find element: '.color', but never found it.",
                "estack": "CypressError: Timed out retrying: Expected to find element: '.color', but never found it.\n    at cypressErr (http://localhost:35325/__cypress/runner/cypress_runner.js:149934:9)\n    at throwErr (http://localhost:35325/__cypress/runner/cypress_runner.js:149867:11)\n    at Object.throwErrByPath (http://localhost:35325/__cypress/runner/cypress_runner.js:149915:3)\n    at retry (http://localhost:35325/__cypress/runner/cypress_runner.js:144197:19)\n    at onFailFn (http://localhost:35325/__cypress/runner/cypress_runner.js:132448:16)\n    at tryCatcher (http://localhost:35325/__cypress/runner/cypress_runner.js:167415:23)\n    at Promise._settlePromiseFromHandler (http://localhost:35325/__cypress/runner/cypress_runner.js:165351:31)\n    at Promise._settlePromise (http://localhost:35325/__cypress/runner/cypress_runner.js:165408:18)\n    at Promise._settlePromise0 (http://localhost:35325/__cypress/runner/cypress_runner.js:165453:10)\n    at Promise._settlePromises (http://localhost:35325/__cypress/runner/cypress_runner.js:165528:18)\n    at Async../node_modules/bluebird/js/release/async.js.Async._drainQueue (http://localhost:35325/__cypress/runner/cypress_runner.js:162140:16)\n    at Async../node_modules/bluebird/js/release/async.js.Async._drainQueues (http://localhost:35325/__cypress/runner/cypress_runner.js:162150:10)\n    at Async.drainQueues (http://localhost:35325/__cypress/runner/cypress_runner.js:162024:14)",
                "diff": null
              },
              "uuid": "6a36d3d8-32fd-4aec-93d8-427b280c41ba",
              "parentUUID": "39d16e47-42fa-40da-91b2-c8b0851afb5e",
              "isHook": false,
              "skipped": false
            }
          ],
          "suites": [],
          "passes": [],
          "failures": [
            "1362fc8c-12c2-4d40-8877-8e543f9e0c1f",
            "6a36d3d8-32fd-4aec-93d8-427b280c41ba"
          ],
          "pending": [],
          "skipped": [],
          "duration": 8393,
          "root": false,
          "rootEmpty": false,
          "_timeout": 2000
        },
        {
          "uuid": "540d9b82-acd5-4f60-b800-9d62811f98e0",
          "title": "4 - Adicione à página um quadro de pixels, com 25 pixels.",
          "fullFile": "",
          "file": "",
          "beforeHooks": [],
          "afterHooks": [],
          "tests": [
            {
              "title": "Verifica se o quadro de pixels possui o `id` denominado `pixel-board`",
              "fullTitle": "4 - Adicione à página um quadro de pixels, com 25 pixels. Verifica se o quadro de pixels possui o `id` denominado `pixel-board`",
              "timedOut": null,
              "duration": 4210,
              "state": "failed",
              "speed": null,
              "pass": false,
              "fail": true,
              "pending": false,
              "context": null,
              "code": "cy.get('#pixel-board').should('be.visible');",
              "err": {
                "message": "CypressError: Timed out retrying: Expected to find element: '#pixel-board', but never found it.",
                "estack": "CypressError: Timed out retrying: Expected to find element: '#pixel-board', but never found it.\n    at cypressErr (http://localhost:35325/__cypress/runner/cypress_runner.js:149934:9)\n    at throwErr (http://localhost:35325/__cypress/runner/cypress_runner.js:149867:11)\n    at Object.throwErrByPath (http://localhost:35325/__cypress/runner/cypress_runner.js:149915:3)\n    at retry (http://localhost:35325/__cypress/runner/cypress_runner.js:144197:19)\n    at onFailFn (http://localhost:35325/__cypress/runner/cypress_runner.js:132448:16)\n    at tryCatcher (http://localhost:35325/__cypress/runner/cypress_runner.js:167415:23)\n    at Promise._settlePromiseFromHandler (http://localhost:35325/__cypress/runner/cypress_runner.js:165351:31)\n    at Promise._settlePromise (http://localhost:35325/__cypress/runner/cypress_runner.js:165408:18)\n    at Promise._settlePromise0 (http://localhost:35325/__cypress/runner/cypress_runner.js:165453:10)\n    at Promise._settlePromises (http://localhost:35325/__cypress/runner/cypress_runner.js:165528:18)\n    at Async../node_modules/bluebird/js/release/async.js.Async._drainQueue (http://localhost:35325/__cypress/runner/cypress_runner.js:162140:16)\n    at Async../node_modules/bluebird/js/release/async.js.Async._drainQueues (http://localhost:35325/__cypress/runner/cypress_runner.js:162150:10)\n    at Async.drainQueues (http://localhost:35325/__cypress/runner/cypress_runner.js:162024:14)",
                "diff": null
              },
              "uuid": "55e85ff6-35ef-4b2c-99bd-f85ad07fa62e",
              "parentUUID": "540d9b82-acd5-4f60-b800-9d62811f98e0",
              "isHook": false,
              "skipped": false
            },
            {
              "title": "Verifica se cada pixel individual dentro do quadro possui a `classe` denominada `pixel`.",
              "fullTitle": "4 - Adicione à página um quadro de pixels, com 25 pixels. Verifica se cada pixel individual dentro do quadro possui a `classe` denominada `pixel`.",
              "timedOut": null,
              "duration": 4184,
              "state": "failed",
              "speed": null,
              "pass": false,
              "fail": true,
              "pending": false,
              "context": null,
              "code": "cy.get('.pixel').should('have.length', 25);",
              "err": {
                "message": "CypressError: Timed out retrying: Expected to find element: '.pixel', but never found it.",
                "estack": "CypressError: Timed out retrying: Expected to find element: '.pixel', but never found it.\n    at cypressErr (http://localhost:35325/__cypress/runner/cypress_runner.js:149934:9)\n    at throwErr (http://localhost:35325/__cypress/runner/cypress_runner.js:149867:11)\n    at Object.throwErrByPath (http://localhost:35325/__cypress/runner/cypress_runner.js:149915:3)\n    at retry (http://localhost:35325/__cypress/runner/cypress_runner.js:144197:19)\n    at onFailFn (http://localhost:35325/__cypress/runner/cypress_runner.js:132448:16)\n    at tryCatcher (http://localhost:35325/__cypress/runner/cypress_runner.js:167415:23)\n    at Promise._settlePromiseFromHandler (http://localhost:35325/__cypress/runner/cypress_runner.js:165351:31)\n    at Promise._settlePromise (http://localhost:35325/__cypress/runner/cypress_runner.js:165408:18)\n    at Promise._settlePromise0 (http://localhost:35325/__cypress/runner/cypress_runner.js:165453:10)\n    at Promise._settlePromises (http://localhost:35325/__cypress/runner/cypress_runner.js:165528:18)\n    at Async../node_modules/bluebird/js/release/async.js.Async._drainQueue (http://localhost:35325/__cypress/runner/cypress_runner.js:162140:16)\n    at Async../node_modules/bluebird/js/release/async.js.Async._drainQueues (http://localhost:35325/__cypress/runner/cypress_runner.js:162150:10)\n    at Async.drainQueues (http://localhost:35325/__cypress/runner/cypress_runner.js:162024:14)",
                "diff": null
              },
              "uuid": "714524e7-bd7c-4b95-aedb-6828e95b7393",
              "parentUUID": "540d9b82-acd5-4f60-b800-9d62811f98e0",
              "isHook": false,
              "skipped": false
            },
            {
              "title": "Verifica se a cor inicial dos pixels dentro do quadro, ao abrir a página, é branca.",
              "fullTitle": "4 - Adicione à página um quadro de pixels, com 25 pixels. Verifica se a cor inicial dos pixels dentro do quadro, ao abrir a página, é branca.",
              "timedOut": null,
              "duration": 4207,
              "state": "failed",
              "speed": null,
              "pass": false,
              "fail": true,
              "pending": false,
              "context": null,
              "code": "cy.get('.pixel').should('have.length', 25).each(function (pixel) {\n  expect(pixel).to.have.css('background-color', WHITE);\n});",
              "err": {
                "message": "CypressError: Timed out retrying: Expected to find element: '.pixel', but never found it.",
                "estack": "CypressError: Timed out retrying: Expected to find element: '.pixel', but never found it.\n    at cypressErr (http://localhost:35325/__cypress/runner/cypress_runner.js:149934:9)\n    at throwErr (http://localhost:35325/__cypress/runner/cypress_runner.js:149867:11)\n    at Object.throwErrByPath (http://localhost:35325/__cypress/runner/cypress_runner.js:149915:3)\n    at retry (http://localhost:35325/__cypress/runner/cypress_runner.js:144197:19)\n    at onFailFn (http://localhost:35325/__cypress/runner/cypress_runner.js:132448:16)\n    at tryCatcher (http://localhost:35325/__cypress/runner/cypress_runner.js:167415:23)\n    at Promise._settlePromiseFromHandler (http://localhost:35325/__cypress/runner/cypress_runner.js:165351:31)\n    at Promise._settlePromise (http://localhost:35325/__cypress/runner/cypress_runner.js:165408:18)\n    at Promise._settlePromise0 (http://localhost:35325/__cypress/runner/cypress_runner.js:165453:10)\n    at Promise._settlePromises (http://localhost:35325/__cypress/runner/cypress_runner.js:165528:18)\n    at Async../node_modules/bluebird/js/release/async.js.Async._drainQueue (http://localhost:35325/__cypress/runner/cypress_runner.js:162140:16)\n    at Async../node_modules/bluebird/js/release/async.js.Async._drainQueues (http://localhost:35325/__cypress/runner/cypress_runner.js:162150:10)\n    at Async.drainQueues (http://localhost:35325/__cypress/runner/cypress_runner.js:162024:14)",
                "diff": null
              },
              "uuid": "2dddf0c9-df09-4263-9652-61807fd508f7",
              "parentUUID": "540d9b82-acd5-4f60-b800-9d62811f98e0",
              "isHook": false,
              "skipped": false
            },
            {
              "title": "Verifica se o quadro de pixels aparece abaixo da paleta de cores",
              "fullTitle": "4 - Adicione à página um quadro de pixels, com 25 pixels. Verifica se o quadro de pixels aparece abaixo da paleta de cores",
              "timedOut": null,
              "duration": 4189,
              "state": "failed",
              "speed": null,
              "pass": false,
              "fail": true,
              "pending": false,
              "context": null,
              "code": "cy.get('#color-palette').then(function (palette) {\n  cy.get('#pixel-board').should('be.belowOf', palette);\n});",
              "err": {
                "message": "CypressError: Timed out retrying: Expected to find element: '#color-palette', but never found it.",
                "estack": "CypressError: Timed out retrying: Expected to find element: '#color-palette', but never found it.\n    at cypressErr (http://localhost:35325/__cypress/runner/cypress_runner.js:149934:9)\n    at throwErr (http://localhost:35325/__cypress/runner/cypress_runner.js:149867:11)\n    at Object.throwErrByPath (http://localhost:35325/__cypress/runner/cypress_runner.js:149915:3)\n    at retry (http://localhost:35325/__cypress/runner/cypress_runner.js:144197:19)\n    at onFailFn (http://localhost:35325/__cypress/runner/cypress_runner.js:132448:16)\n    at tryCatcher (http://localhost:35325/__cypress/runner/cypress_runner.js:167415:23)\n    at Promise._settlePromiseFromHandler (http://localhost:35325/__cypress/runner/cypress_runner.js:165351:31)\n    at Promise._settlePromise (http://localhost:35325/__cypress/runner/cypress_runner.js:165408:18)\n    at Promise._settlePromise0 (http://localhost:35325/__cypress/runner/cypress_runner.js:165453:10)\n    at Promise._settlePromises (http://localhost:35325/__cypress/runner/cypress_runner.js:165528:18)\n    at Async../node_modules/bluebird/js/release/async.js.Async._drainQueue (http://localhost:35325/__cypress/runner/cypress_runner.js:162140:16)\n    at Async../node_modules/bluebird/js/release/async.js.Async._drainQueues (http://localhost:35325/__cypress/runner/cypress_runner.js:162150:10)\n    at Async.drainQueues (http://localhost:35325/__cypress/runner/cypress_runner.js:162024:14)",
                "diff": null
              },
              "uuid": "a10038d4-b9b9-4a31-a6e6-22113e8cd194",
              "parentUUID": "540d9b82-acd5-4f60-b800-9d62811f98e0",
              "isHook": false,
              "skipped": false
            }
          ],
          "suites": [],
          "passes": [],
          "failures": [
            "55e85ff6-35ef-4b2c-99bd-f85ad07fa62e",
            "714524e7-bd7c-4b95-aedb-6828e95b7393",
            "2dddf0c9-df09-4263-9652-61807fd508f7",
            "a10038d4-b9b9-4a31-a6e6-22113e8cd194"
          ],
          "pending": [],
          "skipped": [],
          "duration": 16790,
          "root": false,
          "rootEmpty": false,
          "_timeout": 2000
        },
        {
          "uuid": "a4e21236-d615-4c35-afa6-9364903984af",
          "title": "5 - Faça com que cada elemento do quadro de pixels possua 40 pixels de largura, 40 pixels de altura e seja delimitado por uma borda preta de 1 pixel.",
          "fullFile": "",
          "file": "",
          "beforeHooks": [],
          "afterHooks": [],
          "tests": [
            {
              "title": "Verifica se o quadro de pixels tem altura e comprimento de 5 elementos",
              "fullTitle": "5 - Faça com que cada elemento do quadro de pixels possua 40 pixels de largura, 40 pixels de altura e seja delimitado por uma borda preta de 1 pixel. Verifica se o quadro de pixels tem altura e comprimento de 5 elementos",
              "timedOut": null,
              "duration": 4209,
              "state": "failed",
              "speed": null,
              "pass": false,
              "fail": true,
              "pending": false,
              "context": null,
              "code": "cy.get('.pixel').should('have.length', 25).each(function (pixel) {\n  expect(pixel).to.have.css('background-color', WHITE);\n}).and(function (pixels) {\n  var rows = chunk(pixels, 5);\n  rows.forEach(function (row) {\n    for (var index = 1; index < row.length; index += 1) {\n      var current = pixels[index];\n      var previous = pixels[index - 1];\n      cy.wrap(current).should('be.onTheRightOf', previous).and('be.horizontallyAlignedWith', previous);\n    }\n  });\n  for (var index = 1; index < 5; index += 1) {\n    expect(pixels[index * 5]).to.be.belowOf(pixels[(index - 1) * 5]);\n  }\n});",
              "err": {
                "message": "CypressError: Timed out retrying: Expected to find element: '.pixel', but never found it.",
                "estack": "CypressError: Timed out retrying: Expected to find element: '.pixel', but never found it.\n    at cypressErr (http://localhost:35325/__cypress/runner/cypress_runner.js:149934:9)\n    at throwErr (http://localhost:35325/__cypress/runner/cypress_runner.js:149867:11)\n    at Object.throwErrByPath (http://localhost:35325/__cypress/runner/cypress_runner.js:149915:3)\n    at retry (http://localhost:35325/__cypress/runner/cypress_runner.js:144197:19)\n    at onFailFn (http://localhost:35325/__cypress/runner/cypress_runner.js:132448:16)\n    at tryCatcher (http://localhost:35325/__cypress/runner/cypress_runner.js:167415:23)\n    at Promise._settlePromiseFromHandler (http://localhost:35325/__cypress/runner/cypress_runner.js:165351:31)\n    at Promise._settlePromise (http://localhost:35325/__cypress/runner/cypress_runner.js:165408:18)\n    at Promise._settlePromise0 (http://localhost:35325/__cypress/runner/cypress_runner.js:165453:10)\n    at Promise._settlePromises (http://localhost:35325/__cypress/runner/cypress_runner.js:165528:18)\n    at Async../node_modules/bluebird/js/release/async.js.Async._drainQueue (http://localhost:35325/__cypress/runner/cypress_runner.js:162140:16)\n    at Async../node_modules/bluebird/js/release/async.js.Async._drainQueues (http://localhost:35325/__cypress/runner/cypress_runner.js:162150:10)\n    at Async.drainQueues (http://localhost:35325/__cypress/runner/cypress_runner.js:162024:14)",
                "diff": null
              },
              "uuid": "45841075-b6b9-4a1c-b8df-4864016e4cf0",
              "parentUUID": "a4e21236-d615-4c35-afa6-9364903984af",
              "isHook": false,
              "skipped": false
            },
            {
              "title": "Verifica se 40 pixels é o tamanho total do elemento, incluindo seu conteúdo e excluindo a borda preta, que deve ser criada à parte.",
              "fullTitle": "5 - Faça com que cada elemento do quadro de pixels possua 40 pixels de largura, 40 pixels de altura e seja delimitado por uma borda preta de 1 pixel. Verifica se 40 pixels é o tamanho total do elemento, incluindo seu conteúdo e excluindo a borda preta, que deve ser criada à parte.",
              "timedOut": null,
              "duration": 4236,
              "state": "failed",
              "speed": null,
              "pass": false,
              "fail": true,
              "pending": false,
              "context": null,
              "code": "cy.get('.pixel').each(function (pixel) {\n  cy.wrap(pixel).should('have.css', 'height', '40px').and('have.css', 'width', '40px').and('have.css', 'border', \"1px solid \".concat(BLACK));\n});",
              "err": {
                "message": "CypressError: Timed out retrying: Expected to find element: '.pixel', but never found it.",
                "estack": "CypressError: Timed out retrying: Expected to find element: '.pixel', but never found it.\n    at cypressErr (http://localhost:35325/__cypress/runner/cypress_runner.js:149934:9)\n    at throwErr (http://localhost:35325/__cypress/runner/cypress_runner.js:149867:11)\n    at Object.throwErrByPath (http://localhost:35325/__cypress/runner/cypress_runner.js:149915:3)\n    at retry (http://localhost:35325/__cypress/runner/cypress_runner.js:144197:19)\n    at onFailFn (http://localhost:35325/__cypress/runner/cypress_runner.js:132448:16)\n    at tryCatcher (http://localhost:35325/__cypress/runner/cypress_runner.js:167415:23)\n    at Promise._settlePromiseFromHandler (http://localhost:35325/__cypress/runner/cypress_runner.js:165351:31)\n    at Promise._settlePromise (http://localhost:35325/__cypress/runner/cypress_runner.js:165408:18)\n    at Promise._settlePromise0 (http://localhost:35325/__cypress/runner/cypress_runner.js:165453:10)\n    at Promise._settlePromises (http://localhost:35325/__cypress/runner/cypress_runner.js:165528:18)\n    at Async../node_modules/bluebird/js/release/async.js.Async._drainQueue (http://localhost:35325/__cypress/runner/cypress_runner.js:162140:16)\n    at Async../node_modules/bluebird/js/release/async.js.Async._drainQueues (http://localhost:35325/__cypress/runner/cypress_runner.js:162150:10)\n    at Async.drainQueues (http://localhost:35325/__cypress/runner/cypress_runner.js:162024:14)",
                "diff": null
              },
              "uuid": "f7c0f7bf-622e-4cde-86de-6e058d73e748",
              "parentUUID": "a4e21236-d615-4c35-afa6-9364903984af",
              "isHook": false,
              "skipped": false
            }
          ],
          "suites": [],
          "passes": [],
          "failures": [
            "45841075-b6b9-4a1c-b8df-4864016e4cf0",
            "f7c0f7bf-622e-4cde-86de-6e058d73e748"
          ],
          "pending": [],
          "skipped": [],
          "duration": 8445,
          "root": false,
          "rootEmpty": false,
          "_timeout": 2000
        },
        {
          "uuid": "c8b7640b-54fe-415c-8925-81963768d03b",
          "title": "6 - Defina a cor preta como cor inicial. Ao carregar a página a cor preta já deve estar selecionada para pintar os pixels",
          "fullFile": "",
          "file": "",
          "beforeHooks": [],
          "afterHooks": [],
          "tests": [
            {
              "title": "Verifica se o elemento da cor preta possui, inicialmente, a `classe` `selected`",
              "fullTitle": "6 - Defina a cor preta como cor inicial. Ao carregar a página a cor preta já deve estar selecionada para pintar os pixels Verifica se o elemento da cor preta possui, inicialmente, a `classe` `selected`",
              "timedOut": null,
              "duration": 4217,
              "state": "failed",
              "speed": null,
              "pass": false,
              "fail": true,
              "pending": false,
              "context": null,
              "code": "cy.get('.selected').first().should('have.css', 'background-color', BLACK);",
              "err": {
                "message": "CypressError: Timed out retrying: Expected to find element: '.selected', but never found it.",
                "estack": "CypressError: Timed out retrying: Expected to find element: '.selected', but never found it.\n    at cypressErr (http://localhost:35325/__cypress/runner/cypress_runner.js:149934:9)\n    at throwErr (http://localhost:35325/__cypress/runner/cypress_runner.js:149867:11)\n    at Object.throwErrByPath (http://localhost:35325/__cypress/runner/cypress_runner.js:149915:3)\n    at retry (http://localhost:35325/__cypress/runner/cypress_runner.js:144197:19)\n    at onFailFn (http://localhost:35325/__cypress/runner/cypress_runner.js:132448:16)\n    at tryCatcher (http://localhost:35325/__cypress/runner/cypress_runner.js:167415:23)\n    at Promise._settlePromiseFromHandler (http://localhost:35325/__cypress/runner/cypress_runner.js:165351:31)\n    at Promise._settlePromise (http://localhost:35325/__cypress/runner/cypress_runner.js:165408:18)\n    at Promise._settlePromise0 (http://localhost:35325/__cypress/runner/cypress_runner.js:165453:10)\n    at Promise._settlePromises (http://localhost:35325/__cypress/runner/cypress_runner.js:165528:18)\n    at Async../node_modules/bluebird/js/release/async.js.Async._drainQueue (http://localhost:35325/__cypress/runner/cypress_runner.js:162140:16)\n    at Async../node_modules/bluebird/js/release/async.js.Async._drainQueues (http://localhost:35325/__cypress/runner/cypress_runner.js:162150:10)\n    at Async.drainQueues (http://localhost:35325/__cypress/runner/cypress_runner.js:162024:14)",
                "diff": null
              },
              "uuid": "7d74879d-5a35-419b-9e13-fe3ea987b152",
              "parentUUID": "c8b7640b-54fe-415c-8925-81963768d03b",
              "isHook": false,
              "skipped": false
            },
            {
              "title": "Verifica se nenhuma outra cor da paleta tem a `classe` `selected`",
              "fullTitle": "6 - Defina a cor preta como cor inicial. Ao carregar a página a cor preta já deve estar selecionada para pintar os pixels Verifica se nenhuma outra cor da paleta tem a `classe` `selected`",
              "timedOut": null,
              "duration": 4196,
              "state": "failed",
              "speed": null,
              "pass": false,
              "fail": true,
              "pending": false,
              "context": null,
              "code": "cy.get('.color:not(:first-child)').each(function (color) {\n  cy.wrap(color).should('not.have.class', 'selected');\n});",
              "err": {
                "message": "CypressError: Timed out retrying: Expected to find element: '.color:not(:first-child)', but never found it.",
                "estack": "CypressError: Timed out retrying: Expected to find element: '.color:not(:first-child)', but never found it.\n    at cypressErr (http://localhost:35325/__cypress/runner/cypress_runner.js:149934:9)\n    at throwErr (http://localhost:35325/__cypress/runner/cypress_runner.js:149867:11)\n    at Object.throwErrByPath (http://localhost:35325/__cypress/runner/cypress_runner.js:149915:3)\n    at retry (http://localhost:35325/__cypress/runner/cypress_runner.js:144197:19)\n    at onFailFn (http://localhost:35325/__cypress/runner/cypress_runner.js:132448:16)\n    at tryCatcher (http://localhost:35325/__cypress/runner/cypress_runner.js:167415:23)\n    at Promise._settlePromiseFromHandler (http://localhost:35325/__cypress/runner/cypress_runner.js:165351:31)\n    at Promise._settlePromise (http://localhost:35325/__cypress/runner/cypress_runner.js:165408:18)\n    at Promise._settlePromise0 (http://localhost:35325/__cypress/runner/cypress_runner.js:165453:10)\n    at Promise._settlePromises (http://localhost:35325/__cypress/runner/cypress_runner.js:165528:18)\n    at Async../node_modules/bluebird/js/release/async.js.Async._drainQueue (http://localhost:35325/__cypress/runner/cypress_runner.js:162140:16)\n    at Async../node_modules/bluebird/js/release/async.js.Async._drainQueues (http://localhost:35325/__cypress/runner/cypress_runner.js:162150:10)\n    at Async.drainQueues (http://localhost:35325/__cypress/runner/cypress_runner.js:162024:14)",
                "diff": null
              },
              "uuid": "d887af67-28b9-447e-b850-abc57d281cf1",
              "parentUUID": "c8b7640b-54fe-415c-8925-81963768d03b",
              "isHook": false,
              "skipped": false
            }
          ],
          "suites": [],
          "passes": [],
          "failures": [
            "7d74879d-5a35-419b-9e13-fe3ea987b152",
            "d887af67-28b9-447e-b850-abc57d281cf1"
          ],
          "pending": [],
          "skipped": [],
          "duration": 8413,
          "root": false,
          "rootEmpty": false,
          "_timeout": 2000
        },
        {
          "uuid": "71dfd73b-c397-4752-85a3-80540d3b111e",
          "title": "7 - Clicar em uma das cores da paleta, faz com que ela seja selecionada e utilizada para preencher os pixels no quadro.",
          "fullFile": "",
          "file": "",
          "beforeHooks": [],
          "afterHooks": [],
          "tests": [
            {
              "title": "Verifica se somente uma cor da paleta de cores tem a classe `selected` de cada vez",
              "fullTitle": "7 - Clicar em uma das cores da paleta, faz com que ela seja selecionada e utilizada para preencher os pixels no quadro. Verifica se somente uma cor da paleta de cores tem a classe `selected` de cada vez",
              "timedOut": null,
              "duration": 4194,
              "state": "failed",
              "speed": null,
              "pass": false,
              "fail": true,
              "pending": false,
              "context": null,
              "code": "cy.get('.color').each(function (selectedColor, selectedColorIndex) {\n  cy.wrap(selectedColor).click();\n  cy.get('.color').each(function (color, colorIndex) {\n    if (colorIndex === selectedColorIndex) {\n      expect(color).to.have[\"class\"]('selected');\n    } else {\n      expect(color).not.to.have[\"class\"]('selected');\n    }\n  });\n});",
              "err": {
                "message": "CypressError: Timed out retrying: Expected to find element: '.color', but never found it.",
                "estack": "CypressError: Timed out retrying: Expected to find element: '.color', but never found it.\n    at cypressErr (http://localhost:35325/__cypress/runner/cypress_runner.js:149934:9)\n    at throwErr (http://localhost:35325/__cypress/runner/cypress_runner.js:149867:11)\n    at Object.throwErrByPath (http://localhost:35325/__cypress/runner/cypress_runner.js:149915:3)\n    at retry (http://localhost:35325/__cypress/runner/cypress_runner.js:144197:19)\n    at onFailFn (http://localhost:35325/__cypress/runner/cypress_runner.js:132448:16)\n    at tryCatcher (http://localhost:35325/__cypress/runner/cypress_runner.js:167415:23)\n    at Promise._settlePromiseFromHandler (http://localhost:35325/__cypress/runner/cypress_runner.js:165351:31)\n    at Promise._settlePromise (http://localhost:35325/__cypress/runner/cypress_runner.js:165408:18)\n    at Promise._settlePromise0 (http://localhost:35325/__cypress/runner/cypress_runner.js:165453:10)\n    at Promise._settlePromises (http://localhost:35325/__cypress/runner/cypress_runner.js:165528:18)\n    at Async../node_modules/bluebird/js/release/async.js.Async._drainQueue (http://localhost:35325/__cypress/runner/cypress_runner.js:162140:16)\n    at Async../node_modules/bluebird/js/release/async.js.Async._drainQueues (http://localhost:35325/__cypress/runner/cypress_runner.js:162150:10)\n    at Async.drainQueues (http://localhost:35325/__cypress/runner/cypress_runner.js:162024:14)",
                "diff": null
              },
              "uuid": "c1ad0bc4-4550-48ca-be47-0ae994a8a9ef",
              "parentUUID": "71dfd73b-c397-4752-85a3-80540d3b111e",
              "isHook": false,
              "skipped": false
            },
            {
              "title": "Verifica se os pixels dentro do quadro não têm a classe `selected` quando são clicados",
              "fullTitle": "7 - Clicar em uma das cores da paleta, faz com que ela seja selecionada e utilizada para preencher os pixels no quadro. Verifica se os pixels dentro do quadro não têm a classe `selected` quando são clicados",
              "timedOut": null,
              "duration": 4207,
              "state": "failed",
              "speed": null,
              "pass": false,
              "fail": true,
              "pending": false,
              "context": null,
              "code": "cy.get('.color').each(function (color) {\n  var backgroundColor = color.css('background-color');\n  cy.wrap(color).click();\n  cy.get('.pixel').each(function (pixel) {\n    cy.wrap(pixel).click().should('not.have.class', 'selected');\n  });\n});",
              "err": {
                "message": "CypressError: Timed out retrying: Expected to find element: '.color', but never found it.",
                "estack": "CypressError: Timed out retrying: Expected to find element: '.color', but never found it.\n    at cypressErr (http://localhost:35325/__cypress/runner/cypress_runner.js:149934:9)\n    at throwErr (http://localhost:35325/__cypress/runner/cypress_runner.js:149867:11)\n    at Object.throwErrByPath (http://localhost:35325/__cypress/runner/cypress_runner.js:149915:3)\n    at retry (http://localhost:35325/__cypress/runner/cypress_runner.js:144197:19)\n    at onFailFn (http://localhost:35325/__cypress/runner/cypress_runner.js:132448:16)\n    at tryCatcher (http://localhost:35325/__cypress/runner/cypress_runner.js:167415:23)\n    at Promise._settlePromiseFromHandler (http://localhost:35325/__cypress/runner/cypress_runner.js:165351:31)\n    at Promise._settlePromise (http://localhost:35325/__cypress/runner/cypress_runner.js:165408:18)\n    at Promise._settlePromise0 (http://localhost:35325/__cypress/runner/cypress_runner.js:165453:10)\n    at Promise._settlePromises (http://localhost:35325/__cypress/runner/cypress_runner.js:165528:18)\n    at Async../node_modules/bluebird/js/release/async.js.Async._drainQueue (http://localhost:35325/__cypress/runner/cypress_runner.js:162140:16)\n    at Async../node_modules/bluebird/js/release/async.js.Async._drainQueues (http://localhost:35325/__cypress/runner/cypress_runner.js:162150:10)\n    at Async.drainQueues (http://localhost:35325/__cypress/runner/cypress_runner.js:162024:14)",
                "diff": null
              },
              "uuid": "61ce06fa-e76c-49c7-b561-64f47563649f",
              "parentUUID": "71dfd73b-c397-4752-85a3-80540d3b111e",
              "isHook": false,
              "skipped": false
            }
          ],
          "suites": [],
          "passes": [],
          "failures": [
            "c1ad0bc4-4550-48ca-be47-0ae994a8a9ef",
            "61ce06fa-e76c-49c7-b561-64f47563649f"
          ],
          "pending": [],
          "skipped": [],
          "duration": 8401,
          "root": false,
          "rootEmpty": false,
          "_timeout": 2000
        },
        {
          "uuid": "d515b8d8-86e2-4096-a2fc-ab86d43e99ae",
          "title": "8 - Clicar em um pixel dentro do quadro após selecionar uma cor na paleta, faz com que o pixel seja preenchido com a cor selecionada.",
          "fullFile": "",
          "file": "",
          "beforeHooks": [],
          "afterHooks": [],
          "tests": [
            {
              "title": "Verifica se ao carregar a página deve ser possível pintar os pixels de preto",
              "fullTitle": "8 - Clicar em um pixel dentro do quadro após selecionar uma cor na paleta, faz com que o pixel seja preenchido com a cor selecionada. Verifica se ao carregar a página deve ser possível pintar os pixels de preto",
              "timedOut": null,
              "duration": 4177,
              "state": "failed",
              "speed": null,
              "pass": false,
              "fail": true,
              "pending": false,
              "context": null,
              "code": "cy.get('.pixel').each(function (pixel) {\n  cy.wrap(pixel).click().should('have.css', 'background-color', BLACK);\n});",
              "err": {
                "message": "CypressError: Timed out retrying: Expected to find element: '.pixel', but never found it.",
                "estack": "CypressError: Timed out retrying: Expected to find element: '.pixel', but never found it.\n    at cypressErr (http://localhost:35325/__cypress/runner/cypress_runner.js:149934:9)\n    at throwErr (http://localhost:35325/__cypress/runner/cypress_runner.js:149867:11)\n    at Object.throwErrByPath (http://localhost:35325/__cypress/runner/cypress_runner.js:149915:3)\n    at retry (http://localhost:35325/__cypress/runner/cypress_runner.js:144197:19)\n    at onFailFn (http://localhost:35325/__cypress/runner/cypress_runner.js:132448:16)\n    at tryCatcher (http://localhost:35325/__cypress/runner/cypress_runner.js:167415:23)\n    at Promise._settlePromiseFromHandler (http://localhost:35325/__cypress/runner/cypress_runner.js:165351:31)\n    at Promise._settlePromise (http://localhost:35325/__cypress/runner/cypress_runner.js:165408:18)\n    at Promise._settlePromise0 (http://localhost:35325/__cypress/runner/cypress_runner.js:165453:10)\n    at Promise._settlePromises (http://localhost:35325/__cypress/runner/cypress_runner.js:165528:18)\n    at Async../node_modules/bluebird/js/release/async.js.Async._drainQueue (http://localhost:35325/__cypress/runner/cypress_runner.js:162140:16)\n    at Async../node_modules/bluebird/js/release/async.js.Async._drainQueues (http://localhost:35325/__cypress/runner/cypress_runner.js:162150:10)\n    at Async.drainQueues (http://localhost:35325/__cypress/runner/cypress_runner.js:162024:14)",
                "diff": null
              },
              "uuid": "b630d72a-8101-41e0-8d3d-e3bbb6fcf643",
              "parentUUID": "d515b8d8-86e2-4096-a2fc-ab86d43e99ae",
              "isHook": false,
              "skipped": false
            },
            {
              "title": "Verifica se após selecionar uma outra cor na paleta, é possível pintar os pixels com essa cor",
              "fullTitle": "8 - Clicar em um pixel dentro do quadro após selecionar uma cor na paleta, faz com que o pixel seja preenchido com a cor selecionada. Verifica se após selecionar uma outra cor na paleta, é possível pintar os pixels com essa cor",
              "timedOut": null,
              "duration": 4196,
              "state": "failed",
              "speed": null,
              "pass": false,
              "fail": true,
              "pending": false,
              "context": null,
              "code": "cy.get('.color').each(function (color) {\n  var backgroundColor = color.css('background-color');\n  cy.wrap(color).click();\n  cy.get('.pixel').each(function (pixel) {\n    cy.wrap(pixel).click().should('have.css', 'background-color', backgroundColor);\n  });\n});",
              "err": {
                "message": "CypressError: Timed out retrying: Expected to find element: '.color', but never found it.",
                "estack": "CypressError: Timed out retrying: Expected to find element: '.color', but never found it.\n    at cypressErr (http://localhost:35325/__cypress/runner/cypress_runner.js:149934:9)\n    at throwErr (http://localhost:35325/__cypress/runner/cypress_runner.js:149867:11)\n    at Object.throwErrByPath (http://localhost:35325/__cypress/runner/cypress_runner.js:149915:3)\n    at retry (http://localhost:35325/__cypress/runner/cypress_runner.js:144197:19)\n    at onFailFn (http://localhost:35325/__cypress/runner/cypress_runner.js:132448:16)\n    at tryCatcher (http://localhost:35325/__cypress/runner/cypress_runner.js:167415:23)\n    at Promise._settlePromiseFromHandler (http://localhost:35325/__cypress/runner/cypress_runner.js:165351:31)\n    at Promise._settlePromise (http://localhost:35325/__cypress/runner/cypress_runner.js:165408:18)\n    at Promise._settlePromise0 (http://localhost:35325/__cypress/runner/cypress_runner.js:165453:10)\n    at Promise._settlePromises (http://localhost:35325/__cypress/runner/cypress_runner.js:165528:18)\n    at Async../node_modules/bluebird/js/release/async.js.Async._drainQueue (http://localhost:35325/__cypress/runner/cypress_runner.js:162140:16)\n    at Async../node_modules/bluebird/js/release/async.js.Async._drainQueues (http://localhost:35325/__cypress/runner/cypress_runner.js:162150:10)\n    at Async.drainQueues (http://localhost:35325/__cypress/runner/cypress_runner.js:162024:14)",
                "diff": null
              },
              "uuid": "03e67741-3777-4877-9103-66bda02583fc",
              "parentUUID": "d515b8d8-86e2-4096-a2fc-ab86d43e99ae",
              "isHook": false,
              "skipped": false
            },
            {
              "title": "Verifica se somente o pixel que foi clicado foi preenchido com a cor selecionada, sem influenciar na cor dos demais pixels.",
              "fullTitle": "8 - Clicar em um pixel dentro do quadro após selecionar uma cor na paleta, faz com que o pixel seja preenchido com a cor selecionada. Verifica se somente o pixel que foi clicado foi preenchido com a cor selecionada, sem influenciar na cor dos demais pixels.",
              "timedOut": null,
              "duration": 4188,
              "state": "failed",
              "speed": null,
              "pass": false,
              "fail": true,
              "pending": false,
              "context": null,
              "code": "var colorToPixelIndexMap = {\n  0: 6,\n  1: 8,\n  2: 16,\n  3: 18\n};\ncy.get('.color').each(function (color, index) {\n  cy.wrap(color).click();\n  var backgroundColor = color.css('background-color');\n  var clickedPixelIndex = colorToPixelIndexMap[index];\n  cy.get('.pixel').eq(clickedPixelIndex).click();\n  cy.get('.pixel').eq(clickedPixelIndex - 1).should('not.have.css', 'background-color', backgroundColor);\n  cy.get('.pixel').eq(clickedPixelIndex + 1).should('not.have.css', 'background-color', backgroundColor);\n  cy.get('.pixel').eq(clickedPixelIndex - 5).should('not.have.css', 'background-color', backgroundColor);\n  cy.get('.pixel').eq(clickedPixelIndex + 5).should('not.have.css', 'background-color', backgroundColor);\n  cy.get('.pixel').eq(clickedPixelIndex - 6).should('not.have.css', 'background-color', backgroundColor);\n  cy.get('.pixel').eq(clickedPixelIndex - 4).should('not.have.css', 'background-color', backgroundColor);\n  cy.get('.pixel').eq(clickedPixelIndex + 4).should('not.have.css', 'background-color', backgroundColor);\n  cy.get('.pixel').eq(clickedPixelIndex + 6).should('not.have.css', 'background-color', backgroundColor);\n});",
              "err": {
                "message": "CypressError: Timed out retrying: Expected to find element: '.color', but never found it.",
                "estack": "CypressError: Timed out retrying: Expected to find element: '.color', but never found it.\n    at cypressErr (http://localhost:35325/__cypress/runner/cypress_runner.js:149934:9)\n    at throwErr (http://localhost:35325/__cypress/runner/cypress_runner.js:149867:11)\n    at Object.throwErrByPath (http://localhost:35325/__cypress/runner/cypress_runner.js:149915:3)\n    at retry (http://localhost:35325/__cypress/runner/cypress_runner.js:144197:19)\n    at onFailFn (http://localhost:35325/__cypress/runner/cypress_runner.js:132448:16)\n    at tryCatcher (http://localhost:35325/__cypress/runner/cypress_runner.js:167415:23)\n    at Promise._settlePromiseFromHandler (http://localhost:35325/__cypress/runner/cypress_runner.js:165351:31)\n    at Promise._settlePromise (http://localhost:35325/__cypress/runner/cypress_runner.js:165408:18)\n    at Promise._settlePromise0 (http://localhost:35325/__cypress/runner/cypress_runner.js:165453:10)\n    at Promise._settlePromises (http://localhost:35325/__cypress/runner/cypress_runner.js:165528:18)\n    at Async../node_modules/bluebird/js/release/async.js.Async._drainQueue (http://localhost:35325/__cypress/runner/cypress_runner.js:162140:16)\n    at Async../node_modules/bluebird/js/release/async.js.Async._drainQueues (http://localhost:35325/__cypress/runner/cypress_runner.js:162150:10)\n    at Async.drainQueues (http://localhost:35325/__cypress/runner/cypress_runner.js:162024:14)",
                "diff": null
              },
              "uuid": "40ea8c52-69eb-44c9-ad06-185bb8fb487c",
              "parentUUID": "d515b8d8-86e2-4096-a2fc-ab86d43e99ae",
              "isHook": false,
              "skipped": false
            }
          ],
          "suites": [],
          "passes": [],
          "failures": [
            "b630d72a-8101-41e0-8d3d-e3bbb6fcf643",
            "03e67741-3777-4877-9103-66bda02583fc",
            "40ea8c52-69eb-44c9-ad06-185bb8fb487c"
          ],
          "pending": [],
          "skipped": [],
          "duration": 12561,
          "root": false,
          "rootEmpty": false,
          "_timeout": 2000
        },
        {
          "uuid": "2f327208-d9a7-4aab-ad03-55f609998e33",
          "title": "9 - Crie um botão que, ao ser clicado, limpa o quadro preenchendo a cor de todos seus pixels com branco.",
          "fullFile": "",
          "file": "",
          "beforeHooks": [],
          "afterHooks": [],
          "tests": [
            {
              "title": "Verifica se o botão tem o `id` denominado `clear-board`",
              "fullTitle": "9 - Crie um botão que, ao ser clicado, limpa o quadro preenchendo a cor de todos seus pixels com branco. Verifica se o botão tem o `id` denominado `clear-board`",
              "timedOut": null,
              "duration": 4229,
              "state": "failed",
              "speed": null,
              "pass": false,
              "fail": true,
              "pending": false,
              "context": null,
              "code": "cy.get('#clear-board').should('be.visible');",
              "err": {
                "message": "CypressError: Timed out retrying: Expected to find element: '#clear-board', but never found it.",
                "estack": "CypressError: Timed out retrying: Expected to find element: '#clear-board', but never found it.\n    at cypressErr (http://localhost:35325/__cypress/runner/cypress_runner.js:149934:9)\n    at throwErr (http://localhost:35325/__cypress/runner/cypress_runner.js:149867:11)\n    at Object.throwErrByPath (http://localhost:35325/__cypress/runner/cypress_runner.js:149915:3)\n    at retry (http://localhost:35325/__cypress/runner/cypress_runner.js:144197:19)\n    at onFailFn (http://localhost:35325/__cypress/runner/cypress_runner.js:132448:16)\n    at tryCatcher (http://localhost:35325/__cypress/runner/cypress_runner.js:167415:23)\n    at Promise._settlePromiseFromHandler (http://localhost:35325/__cypress/runner/cypress_runner.js:165351:31)\n    at Promise._settlePromise (http://localhost:35325/__cypress/runner/cypress_runner.js:165408:18)\n    at Promise._settlePromise0 (http://localhost:35325/__cypress/runner/cypress_runner.js:165453:10)\n    at Promise._settlePromises (http://localhost:35325/__cypress/runner/cypress_runner.js:165528:18)\n    at Async../node_modules/bluebird/js/release/async.js.Async._drainQueue (http://localhost:35325/__cypress/runner/cypress_runner.js:162140:16)\n    at Async../node_modules/bluebird/js/release/async.js.Async._drainQueues (http://localhost:35325/__cypress/runner/cypress_runner.js:162150:10)\n    at Async.drainQueues (http://localhost:35325/__cypress/runner/cypress_runner.js:162024:14)",
                "diff": null
              },
              "uuid": "9a32706b-0f94-4cce-8448-232fcf878aa5",
              "parentUUID": "2f327208-d9a7-4aab-ad03-55f609998e33",
              "isHook": false,
              "skipped": false
            },
            {
              "title": "Verifica se o botão está posicionado entre a paleta de cores e o quadro de pixels",
              "fullTitle": "9 - Crie um botão que, ao ser clicado, limpa o quadro preenchendo a cor de todos seus pixels com branco. Verifica se o botão está posicionado entre a paleta de cores e o quadro de pixels",
              "timedOut": null,
              "duration": 4201,
              "state": "failed",
              "speed": null,
              "pass": false,
              "fail": true,
              "pending": false,
              "context": null,
              "code": "cy.get('#color-palette').then(function (palette) {\n  cy.get('#clear-board').should('be.belowOf', palette);\n});\ncy.get('#clear-board').then(function (clearBtn) {\n  cy.get('#pixel-board').should('be.belowOf', clearBtn);\n});",
              "err": {
                "message": "CypressError: Timed out retrying: Expected to find element: '#color-palette', but never found it.",
                "estack": "CypressError: Timed out retrying: Expected to find element: '#color-palette', but never found it.\n    at cypressErr (http://localhost:35325/__cypress/runner/cypress_runner.js:149934:9)\n    at throwErr (http://localhost:35325/__cypress/runner/cypress_runner.js:149867:11)\n    at Object.throwErrByPath (http://localhost:35325/__cypress/runner/cypress_runner.js:149915:3)\n    at retry (http://localhost:35325/__cypress/runner/cypress_runner.js:144197:19)\n    at onFailFn (http://localhost:35325/__cypress/runner/cypress_runner.js:132448:16)\n    at tryCatcher (http://localhost:35325/__cypress/runner/cypress_runner.js:167415:23)\n    at Promise._settlePromiseFromHandler (http://localhost:35325/__cypress/runner/cypress_runner.js:165351:31)\n    at Promise._settlePromise (http://localhost:35325/__cypress/runner/cypress_runner.js:165408:18)\n    at Promise._settlePromise0 (http://localhost:35325/__cypress/runner/cypress_runner.js:165453:10)\n    at Promise._settlePromises (http://localhost:35325/__cypress/runner/cypress_runner.js:165528:18)\n    at Async../node_modules/bluebird/js/release/async.js.Async._drainQueue (http://localhost:35325/__cypress/runner/cypress_runner.js:162140:16)\n    at Async../node_modules/bluebird/js/release/async.js.Async._drainQueues (http://localhost:35325/__cypress/runner/cypress_runner.js:162150:10)\n    at Async.drainQueues (http://localhost:35325/__cypress/runner/cypress_runner.js:162024:14)",
                "diff": null
              },
              "uuid": "7c65e3c8-7d12-4ac5-90d9-198b39f3de07",
              "parentUUID": "2f327208-d9a7-4aab-ad03-55f609998e33",
              "isHook": false,
              "skipped": false
            },
            {
              "title": "Verifica se o texto do botão é 'Limpar'",
              "fullTitle": "9 - Crie um botão que, ao ser clicado, limpa o quadro preenchendo a cor de todos seus pixels com branco. Verifica se o texto do botão é 'Limpar'",
              "timedOut": null,
              "duration": 4203,
              "state": "failed",
              "speed": null,
              "pass": false,
              "fail": true,
              "pending": false,
              "context": null,
              "code": "cy.get('#clear-board').should('contain.text', 'Limpar');",
              "err": {
                "message": "CypressError: Timed out retrying: Expected to find element: '#clear-board', but never found it.",
                "estack": "CypressError: Timed out retrying: Expected to find element: '#clear-board', but never found it.\n    at cypressErr (http://localhost:35325/__cypress/runner/cypress_runner.js:149934:9)\n    at throwErr (http://localhost:35325/__cypress/runner/cypress_runner.js:149867:11)\n    at Object.throwErrByPath (http://localhost:35325/__cypress/runner/cypress_runner.js:149915:3)\n    at retry (http://localhost:35325/__cypress/runner/cypress_runner.js:144197:19)\n    at onFailFn (http://localhost:35325/__cypress/runner/cypress_runner.js:132448:16)\n    at tryCatcher (http://localhost:35325/__cypress/runner/cypress_runner.js:167415:23)\n    at Promise._settlePromiseFromHandler (http://localhost:35325/__cypress/runner/cypress_runner.js:165351:31)\n    at Promise._settlePromise (http://localhost:35325/__cypress/runner/cypress_runner.js:165408:18)\n    at Promise._settlePromise0 (http://localhost:35325/__cypress/runner/cypress_runner.js:165453:10)\n    at Promise._settlePromises (http://localhost:35325/__cypress/runner/cypress_runner.js:165528:18)\n    at Async../node_modules/bluebird/js/release/async.js.Async._drainQueue (http://localhost:35325/__cypress/runner/cypress_runner.js:162140:16)\n    at Async../node_modules/bluebird/js/release/async.js.Async._drainQueues (http://localhost:35325/__cypress/runner/cypress_runner.js:162150:10)\n    at Async.drainQueues (http://localhost:35325/__cypress/runner/cypress_runner.js:162024:14)",
                "diff": null
              },
              "uuid": "bfed5342-83bd-4a9e-9e3c-80b788ae5926",
              "parentUUID": "2f327208-d9a7-4aab-ad03-55f609998e33",
              "isHook": false,
              "skipped": false
            },
            {
              "title": "Verifica se ao clicar no botão, o quadro de pixels é totalmente preenchido de branco",
              "fullTitle": "9 - Crie um botão que, ao ser clicado, limpa o quadro preenchendo a cor de todos seus pixels com branco. Verifica se ao clicar no botão, o quadro de pixels é totalmente preenchido de branco",
              "timedOut": null,
              "duration": 4216,
              "state": "failed",
              "speed": null,
              "pass": false,
              "fail": true,
              "pending": false,
              "context": null,
              "code": "cy.get('.color').eq(1).then(function (color) {\n  var backgroundColor = color.css('background-color');\n  cy.wrap(color).click();\n  cy.get('.pixel').each(function (pixel) {\n    cy.wrap(pixel).click().should('have.css', 'background-color', backgroundColor);\n  });\n});\ncy.get('#clear-board').click();\ncy.get('.pixel').each(function (pixel) {\n  cy.wrap(pixel).should('have.css', 'background-color', WHITE);\n});",
              "err": {
                "message": "CypressError: Timed out retrying: Expected to find element: '.color', but never found it.",
                "estack": "CypressError: Timed out retrying: Expected to find element: '.color', but never found it.\n    at cypressErr (http://localhost:35325/__cypress/runner/cypress_runner.js:149934:9)\n    at throwErr (http://localhost:35325/__cypress/runner/cypress_runner.js:149867:11)\n    at Object.throwErrByPath (http://localhost:35325/__cypress/runner/cypress_runner.js:149915:3)\n    at retry (http://localhost:35325/__cypress/runner/cypress_runner.js:144197:19)\n    at onFailFn (http://localhost:35325/__cypress/runner/cypress_runner.js:132448:16)\n    at tryCatcher (http://localhost:35325/__cypress/runner/cypress_runner.js:167415:23)\n    at Promise._settlePromiseFromHandler (http://localhost:35325/__cypress/runner/cypress_runner.js:165351:31)\n    at Promise._settlePromise (http://localhost:35325/__cypress/runner/cypress_runner.js:165408:18)\n    at Promise._settlePromise0 (http://localhost:35325/__cypress/runner/cypress_runner.js:165453:10)\n    at Promise._settlePromises (http://localhost:35325/__cypress/runner/cypress_runner.js:165528:18)\n    at Async../node_modules/bluebird/js/release/async.js.Async._drainQueue (http://localhost:35325/__cypress/runner/cypress_runner.js:162140:16)\n    at Async../node_modules/bluebird/js/release/async.js.Async._drainQueues (http://localhost:35325/__cypress/runner/cypress_runner.js:162150:10)\n    at Async.drainQueues (http://localhost:35325/__cypress/runner/cypress_runner.js:162024:14)",
                "diff": null
              },
              "uuid": "612377e6-d73f-444d-964d-393cbb34d3fe",
              "parentUUID": "2f327208-d9a7-4aab-ad03-55f609998e33",
              "isHook": false,
              "skipped": false
            }
          ],
          "suites": [],
          "passes": [],
          "failures": [
            "9a32706b-0f94-4cce-8448-232fcf878aa5",
            "7c65e3c8-7d12-4ac5-90d9-198b39f3de07",
            "bfed5342-83bd-4a9e-9e3c-80b788ae5926",
            "612377e6-d73f-444d-964d-393cbb34d3fe"
          ],
          "pending": [],
          "skipped": [],
          "duration": 16849,
          "root": false,
          "rootEmpty": false,
          "_timeout": 2000
        },
        {
          "uuid": "25b48d6e-f6e0-4a2a-b39a-e19c9b5f5a57",
          "title": "10 - Faça o quadro de pixels ter seu tamanho definido pelo usuário.",
          "fullFile": "",
          "file": "",
          "beforeHooks": [],
          "afterHooks": [],
          "tests": [
            {
              "title": "Verifica se existe um input com o id `board-size`",
              "fullTitle": "10 - Faça o quadro de pixels ter seu tamanho definido pelo usuário. Verifica se existe um input com o id `board-size`",
              "timedOut": null,
              "duration": 4231,
              "state": "failed",
              "speed": null,
              "pass": false,
              "fail": true,
              "pending": false,
              "context": null,
              "code": "cy.get('#board-size').should('be.visible');",
              "err": {
                "message": "CypressError: Timed out retrying: Expected to find element: '#board-size', but never found it.",
[...]
                "diff": null
              },
              "uuid": "4bdea221-6a16-4906-96cd-f1dfef6c051e",
              "parentUUID": "25b48d6e-f6e0-4a2a-b39a-e19c9b5f5a57",
              "isHook": false,
              "skipped": false
            },
            {
              "title": "Verifica se o novo quadro tem todos os pixels preenchidos com a cor branca",
              "fullTitle": "10 - Faça o quadro de pixels ter seu tamanho definido pelo usuário. Verifica se o novo quadro tem todos os pixels preenchidos com a cor branca",
              "timedOut": null,
              "duration": 4232,
              "state": "failed",
              "speed": null,
              "pass": false,
              "fail": true,
              "pending": false,
              "context": null,
              "code": "cy.get('#board-size').clear().type(6);\ncy.get('#generate-board').click();\ncy.get('.pixel').should('have.length', 36).each(function (pixel) {\n  expect(pixel).to.have.css('background-color', WHITE);\n});",
              "err": {
                "message": "CypressError: Timed out retrying: Expected to find element: '#board-size', but never found it.",
                "estack": "CypressError: Timed out retrying: Expected to find element: '#board-size', but never found it.\n    at cypressErr (http://localhost:35325/__cypress/runner/cypress_runner.js:149934:9)\n    at throwErr (http://localhost:35325/__cypress/runner/cypress_runner.js:149867:11)\n    at Object.throwErrByPath (http://localhost:35325/__cypress/runner/cypress_runner.js:149915:3)\n    at retry (http://localhost:35325/__cypress/runner/cypress_runner.js:144197:19)\n    at onFailFn (http://localhost:35325/__cypress/runner/cypress_runner.js:132448:16)\n    at tryCatcher (http://localhost:35325/__cypress/runner/cypress_runner.js:167415:23)\n    at Promise._settlePromiseFromHandler (http://localhost:35325/__cypress/runner/cypress_runner.js:165351:31)\n    at Promise._settlePromise (http://localhost:35325/__cypress/runner/cypress_runner.js:165408:18)\n    at Promise._settlePromise0 (http://localhost:35325/__cypress/runner/cypress_runner.js:165453:10)\n    at Promise._settlePromises (http://localhost:35325/__cypress/runner/cypress_runner.js:165528:18)\n    at Async../node_modules/bluebird/js/release/async.js.Async._drainQueue (http://localhost:35325/__cypress/runner/cypress_runner.js:162140:16)\n    at Async../node_modules/bluebird/js/release/async.js.Async._drainQueues (http://localhost:35325/__cypress/runner/cypress_runner.js:162150:10)\n    at Async.drainQueues (http://localhost:35325/__cypress/runner/cypress_runner.js:162024:14)",
                "diff": null
              },
              "uuid": "c5189338-fa46-4418-8966-1a2b60991e0a",
              "parentUUID": "25b48d6e-f6e0-4a2a-b39a-e19c9b5f5a57",
              "isHook": false,
              "skipped": false
            }
          ],
          "suites": [],
          "passes": [],
          "failures": [
            "53024210-225d-433e-bd79-308fae3501c3",
            "7f591366-8ace-4811-96cd-31cda98c1e68",
            "0defd649-d33c-4524-b65d-dbbdc3c70f03",
            "98503058-ebc6-42ab-99d2-5fa39dc96411",
            "6af5c6c9-4e8b-4b5b-bc9e-10bdd917eab3",
            "3131000f-ded4-4a0d-92b6-6c55787feb86",
            "3bd767cc-3e60-40bf-8374-662092a89b1e",
            "4bdea221-6a16-4906-96cd-f1dfef6c051e",
            "c5189338-fa46-4418-8966-1a2b60991e0a"
          ],
          "pending": [],
          "skipped": [],
          "duration": 37987,
          "root": false,
          "rootEmpty": false,
          "_timeout": 2000
        },
        {
          "uuid": "6c534673-f50d-4ad8-b896-997e6a3d5fcb",
          "title": "11 - Limite o tamanho mínimo e máximo do board.",
          "fullFile": "",
          "file": "",
          "beforeHooks": [],
          "afterHooks": [],
          "tests": [
            {
              "title": "Verifica se a altura máxima do board é 50",
              "fullTitle": "11 - Limite o tamanho mínimo e máximo do board. Verifica se a altura máxima do board é 50",
              "timedOut": null,
              "duration": 4213,
              "state": "failed",
              "speed": null,
              "pass": false,
              "fail": true,
              "pending": false,
              "context": null,
              "code": "cy.get('#board-size').clear().type(50);\ncy.get('#generate-board').click();\ncy.get('.pixel').should('have.length', 2500);",
              "err": {
                "message": "CypressError: Timed out retrying: Expected to find element: '#board-size', but never found it.",
                "estack": "CypressError: Timed out retrying: Expected to find element: '#board-size', but never found it.\n    at cypressErr (http://localhost:35325/__cypress/runner/cypress_runner.js:149934:9)\n    at throwErr (http://localhost:35325/__cypress/runner/cypress_runner.js:149867:11)\n    at Object.throwErrByPath (http://localhost:35325/__cypress/runner/cypress_runner.js:149915:3)\n    at retry (http://localhost:35325/__cypress/runner/cypress_runner.js:144197:19)\n    at onFailFn (http://localhost:35325/__cypress/runner/cypress_runner.js:132448:16)\n    at tryCatcher (http://localhost:35325/__cypress/runner/cypress_runner.js:167415:23)\n    at Promise._settlePromiseFromHandler (http://localhost:35325/__cypress/runner/cypress_runner.js:165351:31)\n    at Promise._settlePromise (http://localhost:35325/__cypress/runner/cypress_runner.js:165408:18)\n    at Promise._settlePromise0 (http://localhost:35325/__cypress/runner/cypress_runner.js:165453:10)\n    at Promise._settlePromises (http://localhost:35325/__cypress/runner/cypress_runner.js:165528:18)\n    at Async../node_modules/bluebird/js/release/async.js.Async._drainQueue (http://localhost:35325/__cypress/runner/cypress_runner.js:162140:16)\n    at Async../node_modules/bluebird/js/release/async.js.Async._drainQueues (http://localhost:35325/__cypress/runner/cypress_runner.js:162150:10)\n    at Async.drainQueues (http://localhost:35325/__cypress/runner/cypress_runner.js:162024:14)",
                "diff": null
              },
              "uuid": "8329ce0f-6109-457e-9a78-5a83251c178e",
              "parentUUID": "6c534673-f50d-4ad8-b896-997e6a3d5fcb",
              "isHook": false,
              "skipped": false
            },
            {
              "title": "Verifica se a altura do board é 5 quando um valor menor é colocado no input",
              "fullTitle": "11 - Limite o tamanho mínimo e máximo do board. Verifica se a altura do board é 5 quando um valor menor é colocado no input",
              "timedOut": null,
              "duration": 4204,
              "state": "failed",
              "speed": null,
              "pass": false,
              "fail": true,
              "pending": false,
              "context": null,
              "code": "cy.get('#board-size').clear().type(4);\ncy.get('#generate-board').click();\ncy.get('.pixel').should('have.length', 25);",
              "err": {
                "message": "CypressError: Timed out retrying: Expected to find element: '#board-size', but never found it.",
                "estack": "CypressError: Timed out retrying: Expected to find element: '#board-size', but never found it.\n    at cypressErr (http://localhost:35325/__cypress/runner/cypress_runner.js:149934:9)\n    at throwErr (http://localhost:35325/__cypress/runner/cypress_runner.js:149867:11)\n    at Object.throwErrByPath (http://localhost:35325/__cypress/runner/cypress_runner.js:149915:3)\n    at retry (http://localhost:35325/__cypress/runner/cypress_runner.js:144197:19)\n    at onFailFn (http://localhost:35325/__cypress/runner/cypress_runner.js:132448:16)\n    at tryCatcher (http://localhost:35325/__cypress/runner/cypress_runner.js:167415:23)\n    at Promise._settlePromiseFromHandler (http://localhost:35325/__cypress/runner/cypress_runner.js:165351:31)\n    at Promise._settlePromise (http://localhost:35325/__cypress/runner/cypress_runner.js:165408:18)\n    at Promise._settlePromise0 (http://localhost:35325/__cypress/runner/cypress_runner.js:165453:10)\n    at Promise._settlePromises (http://localhost:35325/__cypress/runner/cypress_runner.js:165528:18)\n    at Async../node_modules/bluebird/js/release/async.js.Async._drainQueue (http://localhost:35325/__cypress/runner/cypress_runner.js:162140:16)\n    at Async../node_modules/bluebird/js/release/async.js.Async._drainQueues (http://localhost:35325/__cypress/runner/cypress_runner.js:162150:10)\n    at Async.drainQueues (http://localhost:35325/__cypress/runner/cypress_runner.js:162024:14)",
                "diff": null
              },
              "uuid": "baa3d451-7784-4639-8e3b-cd0639dd8b65",
              "parentUUID": "6c534673-f50d-4ad8-b896-997e6a3d5fcb",
              "isHook": false,
              "skipped": false
            },
            {
              "title": "Verifica se a altura do board é 50 quando um valor maior é colocado no input",
              "fullTitle": "11 - Limite o tamanho mínimo e máximo do board. Verifica se a altura do board é 50 quando um valor maior é colocado no input",
              "timedOut": null,
              "duration": 4218,
              "state": "failed",
              "speed": null,
              "pass": false,
              "fail": true,
              "pending": false,
              "context": null,
              "code": "cy.get('#board-size').clear().type(51);\ncy.get('#generate-board').click();\ncy.get('.pixel').should('have.length', 2500);",
              "err": {
                "message": "CypressError: Timed out retrying: Expected to find element: '#board-size', but never found it.",
                "estack": "CypressError: Timed out retrying: Expected to find element: '#board-size', but never found it.\n    at cypressErr (http://localhost:35325/__cypress/runner/cypress_runner.js:149934:9)\n    at throwErr (http://localhost:35325/__cypress/runner/cypress_runner.js:149867:11)\n    at Object.throwErrByPath (http://localhost:35325/__cypress/runner/cypress_runner.js:149915:3)\n    at retry (http://localhost:35325/__cypress/runner/cypress_runner.js:144197:19)\n    at onFailFn (http://localhost:35325/__cypress/runner/cypress_runner.js:132448:16)\n    at tryCatcher (http://localhost:35325/__cypress/runner/cypress_runner.js:167415:23)\n    at Promise._settlePromiseFromHandler (http://localhost:35325/__cypress/runner/cypress_runner.js:165351:31)\n    at Promise._settlePromise (http://localhost:35325/__cypress/runner/cypress_runner.js:165408:18)\n    at Promise._settlePromise0 (http://localhost:35325/__cypress/runner/cypress_runner.js:165453:10)\n    at Promise._settlePromises (http://localhost:35325/__cypress/runner/cypress_runner.js:165528:18)\n    at Async../node_modules/bluebird/js/release/async.js.Async._drainQueue (http://localhost:35325/__cypress/runner/cypress_runner.js:162140:16)\n    at Async../node_modules/bluebird/js/release/async.js.Async._drainQueues (http://localhost:35325/__cypress/runner/cypress_runner.js:162150:10)\n    at Async.drainQueues (http://localhost:35325/__cypress/runner/cypress_runner.js:162024:14)",
                "diff": null
              },
              "uuid": "75ba74e1-e643-4477-bb45-f9622b24eed6",
              "parentUUID": "6c534673-f50d-4ad8-b896-997e6a3d5fcb",
              "isHook": false,
              "skipped": false
            }
          ],
          "suites": [],
          "passes": [],
          "failures": [
            "8329ce0f-6109-457e-9a78-5a83251c178e",
            "baa3d451-7784-4639-8e3b-cd0639dd8b65",
            "75ba74e1-e643-4477-bb45-f9622b24eed6"
          ],
          "pending": [],
          "skipped": [],
          "duration": 12635,
          "root": false,
          "rootEmpty": false,
          "_timeout": 2000
        },
        {
          "uuid": "1db47183-4248-4867-9d50-817db94fe4ee",
          "title": "12 - Faça com que as cores da paleta sejam geradas aleatoriamente ao carregar a página.",
          "fullFile": "",
          "file": "",
          "beforeHooks": [],
          "afterHooks": [],
          "tests": [
            {
              "title": "Verifica se as cores geradas na paleta são diferentes a cada carregamento da página",
              "fullTitle": "12 - Faça com que as cores da paleta sejam geradas aleatoriamente ao carregar a página. Verifica se as cores geradas na paleta são diferentes a cada carregamento da página",
              "timedOut": null,
              "duration": 4208,
              "state": "failed",
              "speed": null,
              "pass": false,
              "fail": true,
              "pending": false,
              "context": null,
              "code": "cy.get('.color').then(function (colors) {\n  var currentColors;\n  var previousColors;\n  previousColors = Array.from(colors).map(function (color) {\n    return Cypress.$(color).css('background-color');\n  });\n  for (var i = 0; i < 5; i += 1) {\n    cy.reload();\n    cy.get('.color').then(function (colors) {\n      currentColors = Array.from(colors).map(function (color) {\n        return Cypress.$(color).css('background-color');\n      });\n      expect(currentColors).not.to.deep.equal(previousColors);\n      previousColors = currentColors;\n    });\n  }\n});",
              "err": {
                "message": "CypressError: Timed out retrying: Expected to find element: '.color', but never found it.",
                "estack": "CypressError: Timed out retrying: Expected to find element: '.color', but never found it.\n    at cypressErr (http://localhost:35325/__cypress/runner/cypress_runner.js:149934:9)\n    at throwErr (http://localhost:35325/__cypress/runner/cypress_runner.js:149867:11)\n    at Object.throwErrByPath (http://localhost:35325/__cypress/runner/cypress_runner.js:149915:3)\n    at retry (http://localhost:35325/__cypress/runner/cypress_runner.js:144197:19)\n    at onFailFn (http://localhost:35325/__cypress/runner/cypress_runner.js:132448:16)\n    at tryCatcher (http://localhost:35325/__cypress/runner/cypress_runner.js:167415:23)\n    at Promise._settlePromiseFromHandler (http://localhost:35325/__cypress/runner/cypress_runner.js:165351:31)\n    at Promise._settlePromise (http://localhost:35325/__cypress/runner/cypress_runner.js:165408:18)\n    at Promise._settlePromise0 (http://localhost:35325/__cypress/runner/cypress_runner.js:165453:10)\n    at Promise._settlePromises (http://localhost:35325/__cypress/runner/cypress_runner.js:165528:18)\n    at Async../node_modules/bluebird/js/release/async.js.Async._drainQueue (http://localhost:35325/__cypress/runner/cypress_runner.js:162140:16)\n    at Async../node_modules/bluebird/js/release/async.js.Async._drainQueues (http://localhost:35325/__cypress/runner/cypress_runner.js:162150:10)\n    at Async.drainQueues (http://localhost:35325/__cypress/runner/cypress_runner.js:162024:14)",
                "diff": null
              },
              "uuid": "bcfdba51-d894-47f5-beb8-0ae0cba59c26",
              "parentUUID": "1db47183-4248-4867-9d50-817db94fe4ee",
              "isHook": false,
              "skipped": false
            },
            {
              "title": "Verifica se a cor preta ainda está presente e é a primeira na sua paleta de cores",
              "fullTitle": "12 - Faça com que as cores da paleta sejam geradas aleatoriamente ao carregar a página. Verifica se a cor preta ainda está presente e é a primeira na sua paleta de cores",
              "timedOut": null,
              "duration": 245,
              "state": "failed",
              "speed": null,
              "pass": false,
              "fail": true,
              "pending": false,
              "context": null,
              "code": "cy.get('.color').then(function (colors) {\n  var currentColors;\n  var previousColors;\n  previousColors = Array.from(colors).map(function (color) {\n    return Cypress.$(color).css('background-color');\n  });\n  expect(previousColors[0]).to.eq(BLACK);\n  for (var i = 0; i < 5; i += 1) {\n    cy.reload();\n    cy.get('.color').then(function (colors) {\n      currentColors = Array.from(colors).map(function (color) {\n        return Cypress.$(color).css('background-color');\n      });\n      expect(currentColors[0]).to.eq(BLACK);\n      expect(currentColors).not.to.deep.equal(previousColors);\n      previousColors = currentColors;\n    });\n  }\n});",
              "err": {
                "message": "AssertionError: expected 'rgba(0, 0, 0, 0)' to equal 'rgb(0, 0, 0)'",
                "estack": "AssertionError: expected 'rgba(0, 0, 0, 0)' to equal 'rgb(0, 0, 0)'\n    at getRet (http://localhost:35325/__cypress/runner/cypress_runner.js:136585:16)\n    at tryCatcher (http://localhost:35325/__cypress/runner/cypress_runner.js:167415:23)\n    at Function.Promise.attempt.Promise.try (http://localhost:35325/__cypress/runner/cypress_runner.js:164690:29)\n    at Context.thenFn (http://localhost:35325/__cypress/runner/cypress_runner.js:136599:23)\n    at Context.then (http://localhost:35325/__cypress/runner/cypress_runner.js:136971:21)\n    at Context.<anonymous> (http://localhost:35325/__cypress/runner/cypress_runner.js:148875:21)\n    at http://localhost:35325/__cypress/runner/cypress_runner.js:148351:33\n    at tryCatcher (http://localhost:35325/__cypress/runner/cypress_runner.js:167415:23)\n    at Promise._settlePromiseFromHandler (http://localhost:35325/__cypress/runner/cypress_runner.js:165351:31)\n    at Promise._settlePromise (http://localhost:35325/__cypress/runner/cypress_runner.js:165408:18)\n    at Promise._settlePromiseCtx (http://localhost:35325/__cypress/runner/cypress_runner.js:165445:10)\n    at Async../node_modules/bluebird/js/release/async.js.Async._drainQueue (http://localhost:35325/__cypress/runner/cypress_runner.js:162145:12)\n    at Async../node_modules/bluebird/js/release/async.js.Async._drainQueues (http://localhost:35325/__cypress/runner/cypress_runner.js:162150:10)\n    at Async.drainQueues (http://localhost:35325/__cypress/runner/cypress_runner.js:162024:14)",
                "diff": "- 'rgba(0, 0, 0, 0)'\n+ 'rgb(0, 0, 0)'\n"
              },
              "uuid": "4d803e34-96b4-4596-a5d7-c00957ce050c",
              "parentUUID": "1db47183-4248-4867-9d50-817db94fe4ee",
              "isHook": false,
              "skipped": false
            }
          ],
          "suites": [],
          "passes": [],
          "failures": [
            "bcfdba51-d894-47f5-beb8-0ae0cba59c26",
            "4d803e34-96b4-4596-a5d7-c00957ce050c"
          ],
          "pending": [],
          "skipped": [],
          "duration": 4453,
          "root": false,
          "rootEmpty": false,
          "_timeout": 2000
        }
      ],
      "passes": [],
      "failures": [],
      "pending": [],
      "skipped": [],
      "duration": 0,
      "root": true,
      "rootEmpty": true,
      "_timeout": 2000
    }
  ],
  "meta": {
    "mocha": {
      "version": "7.0.1"
    },
    "mochawesome": {
      "options": {
        "quiet": false,
        "reportFilename": "mochawesome",
        "saveHtml": false,
        "saveJson": true,
        "consoleReporter": "spec",
        "useInlineDiffs": false
      },
      "version": "4.1.0"
    },
    "marge": {
      "options": {
        "id": "default",
        "reportDir": "cypress/reports",
        "overwrite": true,
        "html": false,
        "json": true
      },
      "version": "4.1.0"
    }
  }
}