{
  "stats": {
    "suites": 12,
    "tests": 41,
    "passes": 20,
    "pending": 0,
    "failures": 21,
    "start": "2022-07-04T20:27:26.440Z",
    "end": "2022-07-04T20:28:53.954Z",
    "duration": 87514,
    "testsRegistered": 41,
    "passPercent": 48.78048780487805,
    "pendingPercent": 0,
    "other": 0,
    "hasOther": false,
    "skipped": 0,
    "hasSkipped": false
  },
  "results": [
    {
      "uuid": "3991ccdd-3a53-4f70-a6f1-9f58d6aae825",
      "title": "",
      "fullFile": "cypress/integration/project.spec.js",
      "file": "cypress/integration/project.spec.js",
      "beforeHooks": [],
      "afterHooks": [],
      "tests": [],
      "suites": [
        {
          "uuid": "8b79a334-ff37-4668-9a2c-06c200f1965a",
          "title": "1 - Adicione à página o título \"Paleta de Cores\".",
          "fullFile": "",
          "file": "",
          "beforeHooks": [],
          "afterHooks": [],
          "tests": [
            {
              "title": "Verifica se contém um elemento `h1` com o id `title` com o título correto",
              "fullTitle": "1 - Adicione à página o título \"Paleta de Cores\". Verifica se contém um elemento `h1` com o id `title` com o título correto",
              "timedOut": null,
              "duration": 106,
              "state": "passed",
              "speed": "slow",
              "pass": true,
              "fail": false,
              "pending": false,
              "context": null,
              "code": "cy.get('h1#title').should('contain.text', 'Paleta de Cores');",
              "err": {},
              "uuid": "d211f01a-5595-4a9d-8863-a69fd0ab14f0",
              "parentUUID": "8b79a334-ff37-4668-9a2c-06c200f1965a",
              "isHook": false,
              "skipped": false
            }
          ],
          "suites": [],
          "passes": [
            "d211f01a-5595-4a9d-8863-a69fd0ab14f0"
          ],
          "failures": [],
          "pending": [],
          "skipped": [],
          "duration": 106,
          "root": false,
          "rootEmpty": false,
          "_timeout": 2000
        },
        {
          "uuid": "67ebc288-286e-41bd-8b60-d87b1ed60190",
          "title": "2 - Adicione à página uma paleta de quatro cores distintas.",
          "fullFile": "",
          "file": "",
          "beforeHooks": [],
          "afterHooks": [],
          "tests": [
            {
              "title": "A paleta de cores deve ser um elemento com `id` denominado `color-palette` e ter mais de 0px de altura e de largura.",
              "fullTitle": "2 - Adicione à página uma paleta de quatro cores distintas. A paleta de cores deve ser um elemento com `id` denominado `color-palette` e ter mais de 0px de altura e de largura.",
              "timedOut": null,
              "duration": 48,
              "state": "passed",
              "speed": "medium",
              "pass": true,
              "fail": false,
              "pending": false,
              "context": null,
              "code": "cy.get('#color-palette').should('be.visible');\ncy.get('#color-palette').children('.color');",
              "err": {},
              "uuid": "b200b775-2656-454a-82c7-0a5e59657653",
              "parentUUID": "67ebc288-286e-41bd-8b60-d87b1ed60190",
              "isHook": false,
              "skipped": false
            },
            {
              "title": "Verifica se cada cor individual da paleta de cores possui a `classe` chamada `color`.",
              "fullTitle": "2 - Adicione à página uma paleta de quatro cores distintas. Verifica se cada cor individual da paleta de cores possui a `classe` chamada `color`.",
              "timedOut": null,
              "duration": 98,
              "state": "passed",
              "speed": "slow",
              "pass": true,
              "fail": false,
              "pending": false,
              "context": null,
              "code": "cy.get('.color').should('have.length', 4).then(function (colors) {\n  for (var i = 0; i < colors.length; i++) {\n    cy.wrap(colors[i]).should('be.visible');\n  }\n});",
              "err": {},
              "uuid": "28e7b4aa-6e83-4e4c-8de5-2fb7187e4170",
              "parentUUID": "67ebc288-286e-41bd-8b60-d87b1ed60190",
              "isHook": false,
              "skipped": false
            },
            {
              "title": "Verifica se a cor de fundo de cada elemento da paleta é a cor que o elemento representa. **A única cor não permitida na paleta é a cor branca.**",
              "fullTitle": "2 - Adicione à página uma paleta de quatro cores distintas. Verifica se a cor de fundo de cada elemento da paleta é a cor que o elemento representa. **A única cor não permitida na paleta é a cor branca.**",
              "timedOut": null,
              "duration": 88,
              "state": "passed",
              "speed": "slow",
              "pass": true,
              "fail": false,
              "pending": false,
              "context": null,
              "code": "cy.get('.color').each(function (color) {\n  cy.wrap(color).should('have.class', 'color').and('not.have.css', 'background-color', WHITE);\n  cy.wrap(color).should('have.css', 'background-color');\n});",
              "err": {},
              "uuid": "a93d333f-1ec5-40be-96c5-2adba273cc76",
              "parentUUID": "67ebc288-286e-41bd-8b60-d87b1ed60190",
              "isHook": false,
              "skipped": false
            },
            {
              "title": "Verifica se cada elemento da paleta de cores tem uma borda preta, sólida e com 1 pixel de largura;",
              "fullTitle": "2 - Adicione à página uma paleta de quatro cores distintas. Verifica se cada elemento da paleta de cores tem uma borda preta, sólida e com 1 pixel de largura;",
              "timedOut": null,
              "duration": 64,
              "state": "passed",
              "speed": "medium",
              "pass": true,
              "fail": false,
              "pending": false,
              "context": null,
              "code": "cy.get('.color').each(function (color) {\n  cy.wrap(color).and('have.css', 'border', \"1px solid \".concat(BLACK)).and('have.class', 'color');\n});",
              "err": {},
              "uuid": "e2b97968-db9d-406e-acef-22c1f8720d1e",
              "parentUUID": "67ebc288-286e-41bd-8b60-d87b1ed60190",
              "isHook": false,
              "skipped": false
            },
            {
              "title": "Verifica se a paleta lista todas as cores disponíveis para utilização, lado a lado.",
              "fullTitle": "2 - Adicione à página uma paleta de quatro cores distintas. Verifica se a paleta lista todas as cores disponíveis para utilização, lado a lado.",
              "timedOut": null,
              "duration": 62,
              "state": "passed",
              "speed": "medium",
              "pass": true,
              "fail": false,
              "pending": false,
              "context": null,
              "code": "cy.get('.color').then(function (colors) {\n  for (var index = 1; index < colors.length; index += 1) {\n    var currentColor = colors[index];\n    var previousColor = colors[index - 1];\n    cy.wrap(currentColor).should('be.onTheRightOf', previousColor).and('be.horizontallyAlignedWith', previousColor);\n  }\n});",
              "err": {},
              "uuid": "dacd7386-b594-4269-815a-9af8bb9dbb44",
              "parentUUID": "67ebc288-286e-41bd-8b60-d87b1ed60190",
              "isHook": false,
              "skipped": false
            },
            {
              "title": "Verifica se a paleta de cores está posicionada abaixo do título 'Paleta de Cores'",
              "fullTitle": "2 - Adicione à página uma paleta de quatro cores distintas. Verifica se a paleta de cores está posicionada abaixo do título 'Paleta de Cores'",
              "timedOut": null,
              "duration": 66,
              "state": "passed",
              "speed": "medium",
              "pass": true,
              "fail": false,
              "pending": false,
              "context": null,
              "code": "cy.get('h1#title').then(function (title) {\n  cy.get('#color-palette').should('be.belowOf', title);\n});",
              "err": {},
              "uuid": "91916b10-4091-4810-8a06-81617dab40b2",
              "parentUUID": "67ebc288-286e-41bd-8b60-d87b1ed60190",
              "isHook": false,
              "skipped": false
            },
            {
              "title": "Verifica se a paleta de cores não contém cores repetidas.",
              "fullTitle": "2 - Adicione à página uma paleta de quatro cores distintas. Verifica se a paleta de cores não contém cores repetidas.",
              "timedOut": null,
              "duration": 79,
              "state": "passed",
              "speed": "slow",
              "pass": true,
              "fail": false,
              "pending": false,
              "context": null,
              "code": "cy.get('.color').then(function (colors) {\n  var allColors = Array.from(colors).map(function (color) {\n    return Cypress.$(color).css('background-color');\n  });\n  cy.log(allColors);\n  var uniqColors = (0, _toConsumableArray2[\"default\"])(new Set(allColors));\n  cy.log(uniqColors);\n  expect(allColors.length).to.eq(uniqColors.length);\n});",
              "err": {},
              "uuid": "1e60109c-7a73-4ffb-8432-5dcdb6985f01",
              "parentUUID": "67ebc288-286e-41bd-8b60-d87b1ed60190",
              "isHook": false,
              "skipped": false
            }
          ],
          "suites": [],
          "passes": [
            "b200b775-2656-454a-82c7-0a5e59657653",
            "28e7b4aa-6e83-4e4c-8de5-2fb7187e4170",
            "a93d333f-1ec5-40be-96c5-2adba273cc76",
            "e2b97968-db9d-406e-acef-22c1f8720d1e",
            "dacd7386-b594-4269-815a-9af8bb9dbb44",
            "91916b10-4091-4810-8a06-81617dab40b2",
            "1e60109c-7a73-4ffb-8432-5dcdb6985f01"
          ],
          "failures": [],
          "pending": [],
          "skipped": [],
          "duration": 505,
          "root": false,
          "rootEmpty": false,
          "_timeout": 2000
        },
        {
          "uuid": "8bc25fe8-bfab-4320-91e5-1fb80d664adc",
          "title": "3 - Adicione a cor **preta** como a primeira cor da paleta de cores.",
          "fullFile": "",
          "file": "",
          "beforeHooks": [],
          "afterHooks": [],
          "tests": [
            {
              "title": "Verifica se a primeira cor da paleta é preta",
              "fullTitle": "3 - Adicione a cor **preta** como a primeira cor da paleta de cores. Verifica se a primeira cor da paleta é preta",
              "timedOut": null,
              "duration": 78,
              "state": "passed",
              "speed": "slow",
              "pass": true,
              "fail": false,
              "pending": false,
              "context": null,
              "code": "cy.get('.color').first().should('have.css', 'background-color', BLACK);",
              "err": {},
              "uuid": "ffab4902-11f3-419a-9463-8803113c20ff",
              "parentUUID": "8bc25fe8-bfab-4320-91e5-1fb80d664adc",
              "isHook": false,
              "skipped": false
            },
            {
              "title": "Verifica se as demais cores podem ser escolhidas livremente.",
              "fullTitle": "3 - Adicione a cor **preta** como a primeira cor da paleta de cores. Verifica se as demais cores podem ser escolhidas livremente.",
              "timedOut": null,
              "duration": 101,
              "state": "passed",
              "speed": "slow",
              "pass": true,
              "fail": false,
              "pending": false,
              "context": null,
              "code": "cy.get('.color').eq(1).should('not.have.css', 'background-color', BLACK);\ncy.get('.color').eq(1).should('not.have.css', 'background-color', WHITE);\ncy.get('.color').eq(1).should('not.have.css', 'background-color', 'rgba(0, 0, 0, 0)');\ncy.get('.color').eq(1).should('have.css', 'background-color');\ncy.get('.color').eq(2).should('not.have.css', 'background-color', BLACK);\ncy.get('.color').eq(2).should('not.have.css', 'background-color', WHITE);\ncy.get('.color').eq(2).should('not.have.css', 'background-color', 'rgba(0, 0, 0, 0)');\ncy.get('.color').eq(2).should('have.css', 'background-color');\ncy.get('.color').eq(3).should('not.have.css', 'background-color', BLACK);\ncy.get('.color').eq(3).should('not.have.css', 'background-color', WHITE);\ncy.get('.color').eq(3).should('not.have.css', 'background-color', 'rgba(0, 0, 0, 0)');\ncy.get('.color').eq(3).should('have.css', 'background-color');",
              "err": {},
              "uuid": "7b2da738-c8e1-4f97-9669-b6ad0804c0d2",
              "parentUUID": "8bc25fe8-bfab-4320-91e5-1fb80d664adc",
              "isHook": false,
              "skipped": false
            }
          ],
          "suites": [],
          "passes": [
            "ffab4902-11f3-419a-9463-8803113c20ff",
            "7b2da738-c8e1-4f97-9669-b6ad0804c0d2"
          ],
          "failures": [],
          "pending": [],
          "skipped": [],
          "duration": 179,
          "root": false,
          "rootEmpty": false,
          "_timeout": 2000
        },
        {
          "uuid": "3e1dfdb9-b854-49ee-9b6e-618ce222fc09",
          "title": "4 - Adicione à página um quadro de pixels, com 25 pixels.",
          "fullFile": "",
          "file": "",
          "beforeHooks": [],
          "afterHooks": [],
          "tests": [
            {
              "title": "Verifica se o quadro de pixels possui o `id` denominado `pixel-board`",
              "fullTitle": "4 - Adicione à página um quadro de pixels, com 25 pixels. Verifica se o quadro de pixels possui o `id` denominado `pixel-board`",
              "timedOut": null,
              "duration": 50,
              "state": "passed",
              "speed": "medium",
              "pass": true,
              "fail": false,
              "pending": false,
              "context": null,
              "code": "cy.get('#pixel-board').should('be.visible');",
              "err": {},
              "uuid": "c2e8bdf5-21d9-4297-b210-a8f749a04ef4",
              "parentUUID": "3e1dfdb9-b854-49ee-9b6e-618ce222fc09",
              "isHook": false,
              "skipped": false
            },
            {
              "title": "Verifica se cada pixel individual dentro do quadro possui a `classe` denominada `pixel`.",
              "fullTitle": "4 - Adicione à página um quadro de pixels, com 25 pixels. Verifica se cada pixel individual dentro do quadro possui a `classe` denominada `pixel`.",
              "timedOut": null,
              "duration": 64,
              "state": "passed",
              "speed": "medium",
              "pass": true,
              "fail": false,
              "pending": false,
              "context": null,
              "code": "cy.get('.pixel').should('have.length', 25);",
              "err": {},
              "uuid": "48ae42d2-aa1f-4d60-8809-23b96ecf659d",
              "parentUUID": "3e1dfdb9-b854-49ee-9b6e-618ce222fc09",
              "isHook": false,
              "skipped": false
            },
            {
              "title": "Verifica se a cor inicial dos pixels dentro do quadro, ao abrir a página, é branca.",
              "fullTitle": "4 - Adicione à página um quadro de pixels, com 25 pixels. Verifica se a cor inicial dos pixels dentro do quadro, ao abrir a página, é branca.",
              "timedOut": null,
              "duration": 86,
              "state": "passed",
              "speed": "slow",
              "pass": true,
              "fail": false,
              "pending": false,
              "context": null,
              "code": "cy.get('.pixel').should('have.length', 25).each(function (pixel) {\n  expect(pixel).to.have.css('background-color', WHITE);\n});",
              "err": {},
              "uuid": "1fc290c4-0782-4f3e-96fd-6fb5c03fcb93",
              "parentUUID": "3e1dfdb9-b854-49ee-9b6e-618ce222fc09",
              "isHook": false,
              "skipped": false
            },
            {
              "title": "Verifica se o quadro de pixels aparece abaixo da paleta de cores",
              "fullTitle": "4 - Adicione à página um quadro de pixels, com 25 pixels. Verifica se o quadro de pixels aparece abaixo da paleta de cores",
              "timedOut": null,
              "duration": 64,
              "state": "passed",
              "speed": "medium",
              "pass": true,
              "fail": false,
              "pending": false,
              "context": null,
              "code": "cy.get('#color-palette').then(function (palette) {\n  cy.get('#pixel-board').should('be.belowOf', palette);\n});",
              "err": {},
              "uuid": "206cb337-e2ff-4280-9f01-8edf98c29dcb",
              "parentUUID": "3e1dfdb9-b854-49ee-9b6e-618ce222fc09",
              "isHook": false,
              "skipped": false
            }
          ],
          "suites": [],
          "passes": [
            "c2e8bdf5-21d9-4297-b210-a8f749a04ef4",
            "48ae42d2-aa1f-4d60-8809-23b96ecf659d",
            "1fc290c4-0782-4f3e-96fd-6fb5c03fcb93",
            "206cb337-e2ff-4280-9f01-8edf98c29dcb"
          ],
          "failures": [],
          "pending": [],
          "skipped": [],
          "duration": 264,
          "root": false,
          "rootEmpty": false,
          "_timeout": 2000
        },
        {
          "uuid": "2c63b61a-008e-459a-86a7-4b12139dd3c4",
          "title": "5 - Faça com que cada elemento do quadro de pixels possua 40 pixels de largura, 40 pixels de altura e seja delimitado por uma borda preta de 1 pixel.",
          "fullFile": "",
          "file": "",
          "beforeHooks": [],
          "afterHooks": [],
          "tests": [
            {
              "title": "Verifica se o quadro de pixels tem altura e comprimento de 5 elementos",
              "fullTitle": "5 - Faça com que cada elemento do quadro de pixels possua 40 pixels de largura, 40 pixels de altura e seja delimitado por uma borda preta de 1 pixel. Verifica se o quadro de pixels tem altura e comprimento de 5 elementos",
              "timedOut": null,
              "duration": 145,
              "state": "passed",
              "speed": "slow",
              "pass": true,
              "fail": false,
              "pending": false,
              "context": null,
              "code": "cy.get('.pixel').should('have.length', 25).each(function (pixel) {\n  expect(pixel).to.have.css('background-color', WHITE);\n}).and(function (pixels) {\n  var rows = chunk(pixels, 5);\n  rows.forEach(function (row) {\n    for (var index = 1; index < row.length; index += 1) {\n      var current = pixels[index];\n      var previous = pixels[index - 1];\n      cy.wrap(current).should('be.onTheRightOf', previous).and('be.horizontallyAlignedWith', previous);\n    }\n  });\n  for (var index = 1; index < 5; index += 1) {\n    expect(pixels[index * 5]).to.be.belowOf(pixels[(index - 1) * 5]);\n  }\n});",
              "err": {},
              "uuid": "ccbcf031-971f-493f-bb74-eb2da6f4170d",
              "parentUUID": "2c63b61a-008e-459a-86a7-4b12139dd3c4",
              "isHook": false,
              "skipped": false
            },
            {
              "title": "Verifica se 40 pixels é o tamanho total do elemento, incluindo seu conteúdo e excluindo a borda preta, que deve ser criada à parte.",
              "fullTitle": "5 - Faça com que cada elemento do quadro de pixels possua 40 pixels de largura, 40 pixels de altura e seja delimitado por uma borda preta de 1 pixel. Verifica se 40 pixels é o tamanho total do elemento, incluindo seu conteúdo e excluindo a borda preta, que deve ser criada à parte.",
              "timedOut": null,
              "duration": 135,
              "state": "passed",
              "speed": "slow",
              "pass": true,
              "fail": false,
              "pending": false,
              "context": null,
              "code": "cy.get('.pixel').each(function (pixel) {\n  cy.wrap(pixel).should('have.css', 'height', '40px').and('have.css', 'width', '40px').and('have.css', 'border', \"1px solid \".concat(BLACK));\n});",
              "err": {},
              "uuid": "acde3992-3a1c-43b7-9f66-6c49ae647aba",
              "parentUUID": "2c63b61a-008e-459a-86a7-4b12139dd3c4",
              "isHook": false,
              "skipped": false
            }
          ],
          "suites": [],
          "passes": [
            "ccbcf031-971f-493f-bb74-eb2da6f4170d",
            "acde3992-3a1c-43b7-9f66-6c49ae647aba"
          ],
          "failures": [],
          "pending": [],
          "skipped": [],
          "duration": 280,
          "root": false,
          "rootEmpty": false,
          "_timeout": 2000
        },
        {
          "uuid": "c551e466-c81d-4497-8e70-1e856d7643b7",
          "title": "6 - Defina a cor preta como cor inicial. Ao carregar a página a cor preta já deve estar selecionada para pintar os pixels",
          "fullFile": "",
          "file": "",
          "beforeHooks": [],
          "afterHooks": [],
          "tests": [
            {
              "title": "Verifica se o elemento da cor preta possui, inicialmente, a `classe` `selected`",
              "fullTitle": "6 - Defina a cor preta como cor inicial. Ao carregar a página a cor preta já deve estar selecionada para pintar os pixels Verifica se o elemento da cor preta possui, inicialmente, a `classe` `selected`",
              "timedOut": null,
              "duration": 62,
              "state": "passed",
              "speed": "medium",
              "pass": true,
              "fail": false,
              "pending": false,
              "context": null,
              "code": "cy.get('.selected').first().should('have.css', 'background-color', BLACK);",
              "err": {},
              "uuid": "2bc3b9b3-f8a2-442e-95dd-4ad132efa946",
              "parentUUID": "c551e466-c81d-4497-8e70-1e856d7643b7",
              "isHook": false,
              "skipped": false
            },
            {
              "title": "Verifica se nenhuma outra cor da paleta tem a `classe` `selected`",
              "fullTitle": "6 - Defina a cor preta como cor inicial. Ao carregar a página a cor preta já deve estar selecionada para pintar os pixels Verifica se nenhuma outra cor da paleta tem a `classe` `selected`",
              "timedOut": null,
              "duration": 46,
              "state": "passed",
              "speed": "medium",
              "pass": true,
              "fail": false,
              "pending": false,
              "context": null,
              "code": "cy.get('.color:not(:first-child)').each(function (color) {\n  cy.wrap(color).should('not.have.class', 'selected');\n});",
              "err": {},
              "uuid": "63e9527e-8f83-43a2-96b6-0aa1abca4666",
              "parentUUID": "c551e466-c81d-4497-8e70-1e856d7643b7",
              "isHook": false,
              "skipped": false
            }
          ],
          "suites": [],
          "passes": [
            "2bc3b9b3-f8a2-442e-95dd-4ad132efa946",
            "63e9527e-8f83-43a2-96b6-0aa1abca4666"
          ],
          "failures": [],
          "pending": [],
          "skipped": [],
          "duration": 108,
          "root": false,
          "rootEmpty": false,
          "_timeout": 2000
        },
        {
          "uuid": "be7d560c-fa4f-4162-b864-e8d35373a048",
          "title": "7 - Clicar em uma das cores da paleta, faz com que ela seja selecionada e utilizada para preencher os pixels no quadro.",
          "fullFile": "",
          "file": "",
          "beforeHooks": [],
          "afterHooks": [],
          "tests": [
            {
              "title": "Verifica se somente uma cor da paleta de cores tem a classe `selected` de cada vez",
              "fullTitle": "7 - Clicar em uma das cores da paleta, faz com que ela seja selecionada e utilizada para preencher os pixels no quadro. Verifica se somente uma cor da paleta de cores tem a classe `selected` de cada vez",
              "timedOut": null,
              "duration": 381,
              "state": "failed",
              "speed": null,
              "pass": false,
              "fail": true,
              "pending": false,
              "context": null,
              "code": "cy.get('.color').each(function (selectedColor, selectedColorIndex) {\n  cy.wrap(selectedColor).click();\n  cy.get('.color').each(function (color, colorIndex) {\n    if (colorIndex === selectedColorIndex) {\n      expect(color).to.have[\"class\"]('selected');\n    } else {\n      expect(color).not.to.have[\"class\"]('selected');\n    }\n  });\n});",
              "err": {
                "message": "AssertionError: expected '<div.color.selected>' not to have class 'selected'",
                "estack": "AssertionError: expected '<div.color.selected>' not to have class 'selected'\n    at callback (http://localhost:33889/__cypress/runner/cypress_runner.js:136947:20)\n    at getRet (http://localhost:33889/__cypress/runner/cypress_runner.js:136585:16)\n    at tryCatcher (http://localhost:33889/__cypress/runner/cypress_runner.js:167415:23)\n    at Function.Promise.attempt.Promise.try (http://localhost:33889/__cypress/runner/cypress_runner.js:164690:29)\n    at thenFn (http://localhost:33889/__cypress/runner/cypress_runner.js:136599:23)\n    at yieldItem (http://localhost:33889/__cypress/runner/cypress_runner.js:136954:16)\n    at tryCatcher (http://localhost:33889/__cypress/runner/cypress_runner.js:167415:23)\n    at Object.gotValue (http://localhost:33889/__cypress/runner/cypress_runner.js:166557:18)\n    at Object.gotAccum (http://localhost:33889/__cypress/runner/cypress_runner.js:166546:25)\n    at Object.tryCatcher (http://localhost:33889/__cypress/runner/cypress_runner.js:167415:23)\n    at Promise._settlePromiseFromHandler (http://localhost:33889/__cypress/runner/cypress_runner.js:165351:31)\n    at Promise._settlePromise (http://localhost:33889/__cypress/runner/cypress_runner.js:165408:18)\n    at Promise._settlePromiseCtx (http://localhost:33889/__cypress/runner/cypress_runner.js:165445:10)\n    at Async../node_modules/bluebird/js/release/async.js.Async._drainQueue (http://localhost:33889/__cypress/runner/cypress_runner.js:162145:12)\n    at Async../node_modules/bluebird/js/release/async.js.Async._drainQueues (http://localhost:33889/__cypress/runner/cypress_runner.js:162150:10)\n    at Async.drainQueues (http://localhost:33889/__cypress/runner/cypress_runner.js:162024:14)",
                "diff": "- { '0': <div class=\"color selected\" style=\"background-color: black;\"></div>,\n-   length: 1,\n-   jquery: '3.1.1',\n-   constructor: \n-    { [Function: jQuery]\n-      fn: \n-       { jquery: '3.1.1',\n-         constructor: [Circular],\n-         length: 0,\n-         toArray: [Function: toArray],\n-         get: [Function: get],\n-         pushStack: [Function: pushStack],\n-         each: [Function: each],\n-         map: [Function: map],\n-         slice: [Function: slice],\n-         first: [Function: first],\n-         last: [Function: last],\n-         eq: [Function: eq],\n-         end: [Function: end],\n-         push: [Function: push],\n-         sort: [Function: sort],\n-         splice: [Function: splice],\n-         extend: [Function],\n-         find: [Function: find],\n-         filter: [Function: filter],\n-         not: [Function: not],\n-         is: [Function: is],\n-         init: [Function],\n-         has: [Function: has],\n-         closest: [Function: closest],\n-         index: [Function: index],\n-         add: [Function: add],\n-         addBack: [Function: addBack],\n-         parent: [Function],\n-         parents: [Function],\n-         parentsUntil: [Function],\n-         next: [Function],\n-         prev: [Function],\n-         nextAll: [Function],\n-         prevAll: [Function],\n-         nextUntil: [Function],\n-         prevUntil: [Function],\n-         siblings: [Function],\n-         children: [Function],\n-         contents: [Function],\n-         ready: [Function],\n-         data: [Function: data],\n-         removeData: [Function: removeData],\n-         queue: [Function: queue],\n-         dequeue: [Function: dequeue],\n-         clearQueue: [Function: clearQueue],\n-         promise: [Function: promise],\n-         show: [Function],\n-         hide: [Function],\n-         toggle: [Function],\n-         on: [Function: on],\n-         one: [Function: one],\n-         off: [Function: off],\n-         detach: [Function: detach],\n-         remove: [Function: remove],\n-         text: [Function: text],\n-         append: [Function: append],\n-         prepend: [Function: prepend],\n-         before: [Function: before],\n-         after: [Function: after],\n-         empty: [Function: empty],\n-         clone: [Function: clone],\n-         html: [Function: html],\n-         replaceWith: [Function: replaceWith],\n-         appendTo: [Function],\n-         prependTo: [Function],\n-         insertBefore: [Function],\n-         insertAfter: [Function],\n-         replaceAll: [Function],\n-         css: [Function: css],\n-         fadeTo: [Function: fadeTo],\n-         animate: [Function: animate],\n-         stop: [Function: stop],\n-         finish: [Function: finish],\n-         slideDown: [Function],\n-         slideUp: [Function],\n-         slideToggle: [Function],\n-         fadeIn: [Function],\n-         fadeOut: [Function],\n-         fadeToggle: [Function],\n-         delay: [Function],\n-         attr: [Function: attr],\n-         removeAttr: [Function: removeAttr],\n-         prop: [Function: prop],\n-         removeProp: [Function: removeProp],\n-         addClass: [Function: addClass],\n-         removeClass: [Function: removeClass],\n-         toggleClass: [Function: toggleClass],\n-         hasClass: [Function: hasClass],\n-         val: [Function: val],\n-         trigger: [Function: trigger],\n-         triggerHandler: [Function: triggerHandler],\n-         blur: [Function],\n-         focus: [Function],\n-         focusin: [Function],\n-         focusout: [Function],\n-         resize: [Function],\n-         scroll: [Function],\n-         click: [Function],\n-         dblclick: [Function],\n-         mousedown: [Function],\n-         mouseup: [Function],\n-         mousemove: [Function],\n-         mouseover: [Function],\n-         mouseout: [Function],\n-         mouseenter: [Function],\n-         mouseleave: [Function],\n-         change: [Function],\n-         select: [Function],\n-         submit: [Function],\n-         keydown: [Function],\n-         keypress: [Function],\n-         keyup: [Function],\n-         contextmenu: [Function],\n-         hover: [Function: hover],\n-         serialize: [Function: serialize],\n-         serializeArray: [Function: serializeArray],\n-         wrapAll: [Function: wrapAll],\n-         wrapInner: [Function: wrapInner],\n-         wrap: [Function: wrap],\n-         unwrap: [Function: unwrap],\n-         load: [Function],\n-         ajaxStart: [Function],\n-         ajaxStop: [Function],\n-         ajaxComplete: [Function],\n-         ajaxError: [Function],\n-         ajaxSuccess: [Function],\n-         ajaxSend: [Function],\n-         offset: [Function: offset],\n-         position: [Function: position],\n-         offsetParent: [Function: offsetParent],\n-         scrollLeft: [Function],\n-         scrollTop: [Function],\n-         innerHeight: [Function],\n-         height: [Function],\n-         outerHeight: [Function],\n-         innerWidth: [Function],\n-         width: [Function],\n-         outerWidth: [Function],\n-         bind: [Function: bind],\n-         unbind: [Function: unbind],\n-         delegate: [Function: delegate],\n-         undelegate: [Function: undelegate],\n-         scrollTo: [Function] },\n-      extend: [Function],\n-      expando: 'jQuery31105403001697055507',\n-      isReady: true,\n-      error: [Function: error],\n-      noop: [Function: noop],\n-      isFunction: [Function: isFunction],\n-      isArray: [Function: isArray],\n-      isWindow: [Function: isWindow],\n-      isNumeric: [Function: isNumeric],\n-      isPlainObject: [Function: isPlainObject],\n-      isEmptyObject: [Function: isEmptyObject],\n-      type: [Function: type],\n-      globalEval: [Function: globalEval],\n-      camelCase: [Function: camelCase],\n-      nodeName: [Function: nodeName],\n-      each: [Function: each],\n-      trim: [Function: trim],\n-      makeArray: [Function: makeArray],\n-      inArray: [Function: inArray],\n-      merge: [Function: merge],\n-      grep: [Function: grep],\n-      map: [Function: map],\n-      guid: 7,\n-      proxy: [Function: proxy],\n-      now: [Function: now],\n-      support: \n-       { checkClone: true,\n-         noCloneChecked: true,\n-         clearCloneStyle: true,\n-         pixelPosition: [Function: pixelPosition],\n-         boxSizingReliable: [Function: boxSizingReliable],\n-         pixelMarginRight: [Function: pixelMarginRight],\n-         reliableMarginLeft: [Function: reliableMarginLeft],\n-         checkOn: true,\n-         optSelected: true,\n-         radioValue: true,\n-         focusin: false,\n-         cors: true,\n-         ajax: true,\n-         createHTMLDocument: true },\n-      find: \n-       { [Function: Sizzle]\n-         support: [Object],\n-         isXML: [Function],\n-         setDocument: [Function],\n-         matches: [Function],\n-         matchesSelector: [Function],\n-         contains: [Function],\n-         attr: [Function],\n-         escape: [Function],\n-         error: [Function],\n-         uniqueSort: [Function],\n-         getText: [Function],\n-         selectors: [Object],\n-         tokenize: [Function],\n-         compile: [Function],\n-         select: [Function] },\n-      expr: \n-       { cacheLength: 1,\n-         createPseudo: [Function: markFunction],\n-         match: [Object],\n-         attrHandle: [Object],\n-         find: [Object],\n-         relative: [Object],\n-         preFilter: [Object],\n-         filter: [Object],\n-         pseudos: [Object],\n-         filters: [Object],\n-         setFilters: [Object],\n-         ':': [Object] },\n-      unique: [Function],\n-      uniqueSort: [Function],\n-      text: [Function],\n-      isXMLDoc: [Function],\n-      contains: [Function],\n-      escapeSelector: [Function],\n-      filter: [Function],\n-      Callbacks: [Function],\n-      Deferred: { [Function: Deferred] exceptionHook: [Function] },\n-      when: [Function: when],\n-      readyException: [Function],\n-      readyWait: 0,\n-      holdReady: [Function: holdReady],\n-      ready: { [Function: ready] then: [Function: then] },\n-      hasData: [Function: hasData],\n-      data: [Function: data],\n-      removeData: [Function: removeData],\n-      _data: [Function: _data],\n-      _removeData: [Function: _removeData],\n-      queue: [Function: queue],\n-      dequeue: [Function: dequeue],\n-      _queueHooks: [Function: _queueHooks],\n-      event: \n-       { global: [Object],\n-         add: [Function: add],\n-         remove: [Function: remove],\n-         dispatch: [Function: dispatch],\n-         handlers: [Function: handlers],\n-         addProp: [Function: addProp],\n-         fix: [Function: fix],\n-         special: [Object],\n-         trigger: [Function: trigger],\n-         simulate: [Function: simulate] },\n-      removeEvent: [Function],\n-      Event: [Function],\n-      htmlPrefilter: [Function: htmlPrefilter],\n-      clone: [Function: clone],\n-      cleanData: [Function: cleanData],\n-      cssHooks: \n-       { opacity: [Object],\n-         height: [Object],\n-         width: [Object],\n-         marginLeft: [Object],\n-         margin: [Object],\n-         padding: [Object],\n-         borderWidth: [Object],\n-         top: [Object],\n-         left: [Object] },\n-      cssNumber: \n-       { animationIterationCount: true,\n-         columnCount: true,\n-         fillOpacity: true,\n-         flexGrow: true,\n-         flexShrink: true,\n-         fontWeight: true,\n-         lineHeight: true,\n-         opacity: true,\n-         order: true,\n-         orphans: true,\n-         widows: true,\n-         zIndex: true,\n-         zoom: true },\n-      cssProps: \n-       { float: 'cssFloat',\n-         width: 'width',\n-         display: 'display',\n-         boxSizing: 'boxSizing',\n-         height: 'height',\n-         overflow: 'overflow',\n-         overflowY: 'overflowY',\n-         overflowX: 'overflowX',\n-         visibility: 'visibility',\n-         position: 'position',\n-         backgroundColor: 'backgroundColor',\n-         border: 'border',\n-         paddingRight: 'paddingRight',\n-         borderRightWidth: 'borderRightWidth',\n-         paddingLeft: 'paddingLeft',\n-         borderLeftWidth: 'borderLeftWidth',\n-         paddingTop: 'paddingTop',\n-         borderTopWidth: 'borderTopWidth',\n-         paddingBottom: 'paddingBottom',\n-         borderBottomWidth: 'borderBottomWidth' },\n-      style: [Function: style],\n-      css: [Function: css],\n-      Tween: { [Function: Tween] propHooks: [Object] },\n-      easing: \n-       { linear: [Function: linear],\n-         swing: [Function: swing],\n-         _default: 'swing' },\n-      fx: \n-       { [Function: init]\n-         step: {},\n-         tick: [Function],\n-         timer: [Function],\n-         interval: 13,\n-         start: [Function],\n-         stop: [Function],\n-         speeds: [Object] },\n-      Animation: \n-       { [Function: Animation]\n-         tweeners: [Object],\n-         tweener: [Function: tweener],\n-         prefilters: [Object],\n-         prefilter: [Function: prefilter] },\n-      speed: [Function],\n-      timers: [],\n-      attr: [Function: attr],\n-      attrHooks: { type: [Object] },\n-      removeAttr: [Function: removeAttr],\n-      prop: [Function: prop],\n-      propHooks: { tabIndex: [Object] },\n-      propFix: \n-       { for: 'htmlFor',\n-         class: 'className',\n-         tabindex: 'tabIndex',\n-         readonly: 'readOnly',\n-         maxlength: 'maxLength',\n-         cellspacing: 'cellSpacing',\n-         cellpadding: 'cellPadding',\n-         rowspan: 'rowSpan',\n-         colspan: 'colSpan',\n-         usemap: 'useMap',\n-         frameborder: 'frameBorder',\n-         contenteditable: 'contentEditable' },\n-      valHooks: \n-       { option: [Object],\n-         select: [Object],\n-         radio: [Object],\n-         checkbox: [Object] },\n-      parseXML: [Function],\n-      param: [Function],\n-      active: 0,\n-      lastModified: {},\n-      etag: {},\n-      ajaxSettings: \n-       { url: 'http://localhost:33889/__/#/tests/integration/project.spec.js',\n-         type: 'GET',\n-         isLocal: false,\n-         global: true,\n-         processData: true,\n-         async: true,\n-         contentType: 'application/x-www-form-urlencoded; charset=UTF-8',\n-         accepts: [Object],\n-         contents: [Object],\n-         responseFields: [Object],\n-         converters: [Object],\n-         flatOptions: [Object],\n-         xhr: [Function],\n-         jsonp: 'callback',\n-         jsonpCallback: [Function: jsonpCallback],\n-         cache: false },\n-      ajaxSetup: [Function: ajaxSetup],\n-      ajaxPrefilter: [Function],\n-      ajaxTransport: [Function],\n-      ajax: [Function: ajax],\n-      getJSON: [Function: getJSON],\n-      getScript: [Function: getScript],\n-      get: [Function],\n-      post: [Function],\n-      _evalUrl: [Function],\n-      parseHTML: [Function],\n-      offset: { setOffset: [Function: setOffset] },\n-      parseJSON: [Function: parse],\n-      noConflict: [Function],\n-      scrollTo: { [Function] defaults: [Object], max: [Function] } },\n-   toArray: [Function: toArray],\n-   get: [Function: get],\n-   pushStack: [Function: pushStack],\n-   each: [Function: each],\n-   map: [Function: map],\n-   slice: [Function: slice],\n-   first: [Function: first],\n-   last: [Function: last],\n-   eq: [Function: eq],\n-   end: [Function: end],\n-   push: [Function: push],\n-   sort: [Function: sort],\n-   splice: [Function: splice],\n-   extend: [Function],\n-   find: [Function: find],\n-   filter: [Function: filter],\n-   not: [Function: not],\n-   is: [Function: is],\n-   init: [Function],\n-   has: [Function: has],\n-   closest: [Function: closest],\n-   index: [Function: index],\n-   add: [Function: add],\n-   addBack: [Function: addBack],\n-   parent: [Function],\n-   parents: [Function],\n-   parentsUntil: [Function],\n-   next: [Function],\n-   prev: [Function],\n-   nextAll: [Function],\n-   prevAll: [Function],\n-   nextUntil: [Function],\n-   prevUntil: [Function],\n-   siblings: [Function],\n-   children: [Function],\n-   contents: [Function],\n-   ready: [Function],\n-   data: [Function: data],\n-   removeData: [Function: removeData],\n-   queue: [Function: queue],\n-   dequeue: [Function: dequeue],\n-   clearQueue: [Function: clearQueue],\n-   promise: [Function: promise],\n-   show: [Function],\n-   hide: [Function],\n-   toggle: [Function],\n-   on: [Function: on],\n-   one: [Function: one],\n-   off: [Function: off],\n-   detach: [Function: detach],\n-   remove: [Function: remove],\n-   text: [Function: text],\n-   append: [Function: append],\n-   prepend: [Function: prepend],\n-   before: [Function: before],\n-   after: [Function: after],\n-   empty: [Function: empty],\n-   clone: [Function: clone],\n-   html: [Function: html],\n-   replaceWith: [Function: replaceWith],\n-   appendTo: [Function],\n-   prependTo: [Function],\n-   insertBefore: [Function],\n-   insertAfter: [Function],\n-   replaceAll: [Function],\n-   css: [Function: css],\n-   fadeTo: [Function: fadeTo],\n-   animate: [Function: animate],\n-   stop: [Function: stop],\n-   finish: [Function: finish],\n-   slideDown: [Function],\n-   slideUp: [Function],\n-   slideToggle: [Function],\n-   fadeIn: [Function],\n-   fadeOut: [Function],\n-   fadeToggle: [Function],\n-   delay: [Function],\n-   attr: [Function: attr],\n-   removeAttr: [Function: removeAttr],\n-   prop: [Function: prop],\n-   removeProp: [Function: removeProp],\n-   addClass: [Function: addClass],\n-   removeClass: [Function: removeClass],\n-   toggleClass: [Function: toggleClass],\n-   hasClass: [Function: hasClass],\n-   val: [Function: val],\n-   trigger: [Function: trigger],\n-   triggerHandler: [Function: triggerHandler],\n-   blur: [Function],\n-   focus: [Function],\n-   focusin: [Function],\n-   focusout: [Function],\n-   resize: [Function],\n-   scroll: [Function],\n-   click: [Function],\n-   dblclick: [Function],\n-   mousedown: [Function],\n-   mouseup: [Function],\n-   mousemove: [Function],\n-   mouseover: [Function],\n-   mouseout: [Function],\n-   mouseenter: [Function],\n-   mouseleave: [Function],\n-   change: [Function],\n-   select: [Function],\n-   submit: [Function],\n-   keydown: [Function],\n-   keypress: [Function],\n-   keyup: [Function],\n-   contextmenu: [Function],\n-   hover: [Function: hover],\n-   serialize: [Function: serialize],\n-   serializeArray: [Function: serializeArray],\n-   wrapAll: [Function: wrapAll],\n-   wrapInner: [Function: wrapInner],\n-   wrap: [Function: wrap],\n-   unwrap: [Function: unwrap],\n-   load: [Function],\n-   ajaxStart: [Function],\n-   ajaxStop: [Function],\n-   ajaxComplete: [Function],\n-   ajaxError: [Function],\n-   ajaxSuccess: [Function],\n-   ajaxSend: [Function],\n-   offset: [Function: offset],\n-   position: [Function: position],\n-   offsetParent: [Function: offsetParent],\n-   scrollLeft: [Function],\n-   scrollTop: [Function],\n-   innerHeight: [Function],\n-   height: [Function],\n-   outerHeight: [Function],\n-   innerWidth: [Function],\n-   width: [Function],\n-   outerWidth: [Function],\n-   bind: [Function: bind],\n-   unbind: [Function: unbind],\n-   delegate: [Function: delegate],\n-   undelegate: [Function: undelegate],\n-   scrollTo: [Function] }\n+ 'selected'\n"
              },
              "uuid": "1bc78063-b73f-48e3-955d-916d485f4431",
              "parentUUID": "be7d560c-fa4f-4162-b864-e8d35373a048",
              "isHook": false,
              "skipped": false
            },
            {
              "title": "Verifica se os pixels dentro do quadro não têm a classe `selected` quando são clicados",
              "fullTitle": "7 - Clicar em uma das cores da paleta, faz com que ela seja selecionada e utilizada para preencher os pixels no quadro. Verifica se os pixels dentro do quadro não têm a classe `selected` quando são clicados",
              "timedOut": null,
              "duration": 7770,
              "state": "passed",
              "speed": "slow",
              "pass": true,
              "fail": false,
              "pending": false,
              "context": null,
              "code": "cy.get('.color').each(function (color) {\n  var backgroundColor = color.css('background-color');\n  cy.wrap(color).click();\n  cy.get('.pixel').each(function (pixel) {\n    cy.wrap(pixel).click().should('not.have.class', 'selected');\n  });\n});",
              "err": {},
              "uuid": "3c57994c-148b-41df-b936-deaf8941b281",
              "parentUUID": "be7d560c-fa4f-4162-b864-e8d35373a048",
              "isHook": false,
              "skipped": false
            }
          ],
          "suites": [],
          "passes": [
            "3c57994c-148b-41df-b936-deaf8941b281"
          ],
          "failures": [
            "1bc78063-b73f-48e3-955d-916d485f4431"
          ],
          "pending": [],
          "skipped": [],
          "duration": 8151,
          "root": false,
          "rootEmpty": false,
          "_timeout": 2000
        },
        {
          "uuid": "5c462e06-75f8-4b3f-bac5-37654003890e",
          "title": "8 - Clicar em um pixel dentro do quadro após selecionar uma cor na paleta, faz com que o pixel seja preenchido com a cor selecionada.",
          "fullFile": "",
          "file": "",
          "beforeHooks": [],
          "afterHooks": [],
          "tests": [
            {
              "title": "Verifica se ao carregar a página deve ser possível pintar os pixels de preto",
              "fullTitle": "8 - Clicar em um pixel dentro do quadro após selecionar uma cor na paleta, faz com que o pixel seja preenchido com a cor selecionada. Verifica se ao carregar a página deve ser possível pintar os pixels de preto",
              "timedOut": null,
              "duration": 4249,
              "state": "failed",
              "speed": null,
              "pass": false,
              "fail": true,
              "pending": false,
              "context": null,
              "code": "cy.get('.pixel').each(function (pixel) {\n  cy.wrap(pixel).click().should('have.css', 'background-color', BLACK);\n});",
              "err": {
                "message": "CypressError: Timed out retrying: expected '<div.pixel>' to have CSS property 'background-color' with the value 'rgb(0, 0, 0)', but the value was 'rgb(255, 255, 255)'",
                "estack": "CypressError: Timed out retrying: expected '<div.pixel>' to have CSS property 'background-color' with the value 'rgb(0, 0, 0)', but the value was 'rgb(255, 255, 255)'\n    at cypressErr (http://localhost:33889/__cypress/runner/cypress_runner.js:149934:9)\n    at throwErr (http://localhost:33889/__cypress/runner/cypress_runner.js:149867:11)\n    at Object.throwErrByPath (http://localhost:33889/__cypress/runner/cypress_runner.js:149915:3)\n    at retry (http://localhost:33889/__cypress/runner/cypress_runner.js:144197:19)\n    at onFailFn (http://localhost:33889/__cypress/runner/cypress_runner.js:132448:16)\n    at tryCatcher (http://localhost:33889/__cypress/runner/cypress_runner.js:167415:23)\n    at Promise._settlePromiseFromHandler (http://localhost:33889/__cypress/runner/cypress_runner.js:165351:31)\n    at Promise._settlePromise (http://localhost:33889/__cypress/runner/cypress_runner.js:165408:18)\n    at Promise._settlePromise0 (http://localhost:33889/__cypress/runner/cypress_runner.js:165453:10)\n    at Promise._settlePromises (http://localhost:33889/__cypress/runner/cypress_runner.js:165528:18)\n    at Async../node_modules/bluebird/js/release/async.js.Async._drainQueue (http://localhost:33889/__cypress/runner/cypress_runner.js:162140:16)\n    at Async../node_modules/bluebird/js/release/async.js.Async._drainQueues (http://localhost:33889/__cypress/runner/cypress_runner.js:162150:10)\n    at Async.drainQueues (http://localhost:33889/__cypress/runner/cypress_runner.js:162024:14)",
                "diff": null
              },
              "uuid": "308a43ce-4fe5-45d1-ac78-b66cc6958757",
              "parentUUID": "5c462e06-75f8-4b3f-bac5-37654003890e",
              "isHook": false,
              "skipped": false
            },
            {
              "title": "Verifica se após selecionar uma outra cor na paleta, é possível pintar os pixels com essa cor",
              "fullTitle": "8 - Clicar em um pixel dentro do quadro após selecionar uma cor na paleta, faz com que o pixel seja preenchido com a cor selecionada. Verifica se após selecionar uma outra cor na paleta, é possível pintar os pixels com essa cor",
              "timedOut": null,
              "duration": 4309,
              "state": "failed",
              "speed": null,
              "pass": false,
              "fail": true,
              "pending": false,
              "context": null,
              "code": "cy.get('.color').each(function (color) {\n  var backgroundColor = color.css('background-color');\n  cy.wrap(color).click();\n  cy.get('.pixel').each(function (pixel) {\n    cy.wrap(pixel).click().should('have.css', 'background-color', backgroundColor);\n  });\n});",
              "err": {
                "message": "CypressError: Timed out retrying: expected '<div.pixel>' to have CSS property 'background-color' with the value 'rgb(0, 0, 0)', but the value was 'rgb(255, 255, 255)'",
                "estack": "CypressError: Timed out retrying: expected '<div.pixel>' to have CSS property 'background-color' with the value 'rgb(0, 0, 0)', but the value was 'rgb(255, 255, 255)'\n    at cypressErr (http://localhost:33889/__cypress/runner/cypress_runner.js:149934:9)\n    at throwErr (http://localhost:33889/__cypress/runner/cypress_runner.js:149867:11)\n    at Object.throwErrByPath (http://localhost:33889/__cypress/runner/cypress_runner.js:149915:3)\n    at retry (http://localhost:33889/__cypress/runner/cypress_runner.js:144197:19)\n    at onFailFn (http://localhost:33889/__cypress/runner/cypress_runner.js:132448:16)\n    at tryCatcher (http://localhost:33889/__cypress/runner/cypress_runner.js:167415:23)\n    at Promise._settlePromiseFromHandler (http://localhost:33889/__cypress/runner/cypress_runner.js:165351:31)\n    at Promise._settlePromise (http://localhost:33889/__cypress/runner/cypress_runner.js:165408:18)\n    at Promise._settlePromise0 (http://localhost:33889/__cypress/runner/cypress_runner.js:165453:10)\n    at Promise._settlePromises (http://localhost:33889/__cypress/runner/cypress_runner.js:165528:18)\n    at Async../node_modules/bluebird/js/release/async.js.Async._drainQueue (http://localhost:33889/__cypress/runner/cypress_runner.js:162140:16)\n    at Async../node_modules/bluebird/js/release/async.js.Async._drainQueues (http://localhost:33889/__cypress/runner/cypress_runner.js:162150:10)\n    at Async.drainQueues (http://localhost:33889/__cypress/runner/cypress_runner.js:162024:14)",
                "diff": null
              },
              "uuid": "b63d6758-baed-4098-9b22-957f24177924",
              "parentUUID": "5c462e06-75f8-4b3f-bac5-37654003890e",
              "isHook": false,
              "skipped": false
            },
            {
              "title": "Verifica se somente o pixel que foi clicado foi preenchido com a cor selecionada, sem influenciar na cor dos demais pixels.",
              "fullTitle": "8 - Clicar em um pixel dentro do quadro após selecionar uma cor na paleta, faz com que o pixel seja preenchido com a cor selecionada. Verifica se somente o pixel que foi clicado foi preenchido com a cor selecionada, sem influenciar na cor dos demais pixels.",
              "timedOut": null,
              "duration": 887,
              "state": "passed",
              "speed": "slow",
              "pass": true,
              "fail": false,
              "pending": false,
              "context": null,
              "code": "var colorToPixelIndexMap = {\n  0: 6,\n  1: 8,\n  2: 16,\n  3: 18\n};\ncy.get('.color').each(function (color, index) {\n  cy.wrap(color).click();\n  var backgroundColor = color.css('background-color');\n  var clickedPixelIndex = colorToPixelIndexMap[index];\n  cy.get('.pixel').eq(clickedPixelIndex).click();\n  cy.get('.pixel').eq(clickedPixelIndex - 1).should('not.have.css', 'background-color', backgroundColor);\n  cy.get('.pixel').eq(clickedPixelIndex + 1).should('not.have.css', 'background-color', backgroundColor);\n  cy.get('.pixel').eq(clickedPixelIndex - 5).should('not.have.css', 'background-color', backgroundColor);\n  cy.get('.pixel').eq(clickedPixelIndex + 5).should('not.have.css', 'background-color', backgroundColor);\n  cy.get('.pixel').eq(clickedPixelIndex - 6).should('not.have.css', 'background-color', backgroundColor);\n  cy.get('.pixel').eq(clickedPixelIndex - 4).should('not.have.css', 'background-color', backgroundColor);\n  cy.get('.pixel').eq(clickedPixelIndex + 4).should('not.have.css', 'background-color', backgroundColor);\n  cy.get('.pixel').eq(clickedPixelIndex + 6).should('not.have.css', 'background-color', backgroundColor);\n});",
              "err": {},
              "uuid": "91499e34-4287-4b38-b190-b49c8a4f8cee",
              "parentUUID": "5c462e06-75f8-4b3f-bac5-37654003890e",
              "isHook": false,
              "skipped": false
            }
          ],
          "suites": [],
          "passes": [
            "91499e34-4287-4b38-b190-b49c8a4f8cee"
          ],
          "failures": [
            "308a43ce-4fe5-45d1-ac78-b66cc6958757",
            "b63d6758-baed-4098-9b22-957f24177924"
          ],
          "pending": [],
          "skipped": [],
          "duration": 9445,
          "root": false,
          "rootEmpty": false,
          "_timeout": 2000
        },
        {
          "uuid": "954d770f-d7f3-4e65-8e52-97331f32e4c8",
          "title": "9 - Crie um botão que, ao ser clicado, limpa o quadro preenchendo a cor de todos seus pixels com branco.",
          "fullFile": "",
          "file": "",
          "beforeHooks": [],
          "afterHooks": [],
          "tests": [
            {
              "title": "Verifica se o botão tem o `id` denominado `clear-board`",
              "fullTitle": "9 - Crie um botão que, ao ser clicado, limpa o quadro preenchendo a cor de todos seus pixels com branco. Verifica se o botão tem o `id` denominado `clear-board`",
              "timedOut": null,
              "duration": 4192,
              "state": "failed",
              "speed": null,
              "pass": false,
              "fail": true,
              "pending": false,
              "context": null,
              "code": "cy.get('#clear-board').should('be.visible');",
              "err": {
                "message": "CypressError: Timed out retrying: Expected to find element: '#clear-board', but never found it.",
                "estack": "CypressError: Timed out retrying: Expected to find element: '#clear-board', but never found it.\n    at cypressErr (http://localhost:33889/__cypress/runner/cypress_runner.js:149934:9)\n    at throwErr (http://localhost:33889/__cypress/runner/cypress_runner.js:149867:11)\n    at Object.throwErrByPath (http://localhost:33889/__cypress/runner/cypress_runner.js:149915:3)\n    at retry (http://localhost:33889/__cypress/runner/cypress_runner.js:144197:19)\n    at onFailFn (http://localhost:33889/__cypress/runner/cypress_runner.js:132448:16)\n    at tryCatcher (http://localhost:33889/__cypress/runner/cypress_runner.js:167415:23)\n    at Promise._settlePromiseFromHandler (http://localhost:33889/__cypress/runner/cypress_runner.js:165351:31)\n    at Promise._settlePromise (http://localhost:33889/__cypress/runner/cypress_runner.js:165408:18)\n    at Promise._settlePromise0 (http://localhost:33889/__cypress/runner/cypress_runner.js:165453:10)\n    at Promise._settlePromises (http://localhost:33889/__cypress/runner/cypress_runner.js:165528:18)\n    at Async../node_modules/bluebird/js/release/async.js.Async._drainQueue (http://localhost:33889/__cypress/runner/cypress_runner.js:162140:16)\n    at Async../node_modules/bluebird/js/release/async.js.Async._drainQueues (http://localhost:33889/__cypress/runner/cypress_runner.js:162150:10)\n    at Async.drainQueues (http://localhost:33889/__cypress/runner/cypress_runner.js:162024:14)",
                "diff": null
              },
              "uuid": "f0285bbb-b1c7-4d39-8ba1-1442f649e978",
              "parentUUID": "954d770f-d7f3-4e65-8e52-97331f32e4c8",
              "isHook": false,
              "skipped": false
            },
            {
              "title": "Verifica se o botão está posicionado entre a paleta de cores e o quadro de pixels",
              "fullTitle": "9 - Crie um botão que, ao ser clicado, limpa o quadro preenchendo a cor de todos seus pixels com branco. Verifica se o botão está posicionado entre a paleta de cores e o quadro de pixels",
              "timedOut": null,
              "duration": 4187,
              "state": "failed",
              "speed": null,
              "pass": false,
              "fail": true,
              "pending": false,
              "context": null,
              "code": "cy.get('#color-palette').then(function (palette) {\n  cy.get('#clear-board').should('be.belowOf', palette);\n});\ncy.get('#clear-board').then(function (clearBtn) {\n  cy.get('#pixel-board').should('be.belowOf', clearBtn);\n});",
              "err": {
                "message": "CypressError: Timed out retrying: Expected to find element: '#clear-board', but never found it.",
                "estack": "CypressError: Timed out retrying: Expected to find element: '#clear-board', but never found it.\n    at cypressErr (http://localhost:33889/__cypress/runner/cypress_runner.js:149934:9)\n    at throwErr (http://localhost:33889/__cypress/runner/cypress_runner.js:149867:11)\n    at Object.throwErrByPath (http://localhost:33889/__cypress/runner/cypress_runner.js:149915:3)\n    at retry (http://localhost:33889/__cypress/runner/cypress_runner.js:144197:19)\n    at onFailFn (http://localhost:33889/__cypress/runner/cypress_runner.js:132448:16)\n    at tryCatcher (http://localhost:33889/__cypress/runner/cypress_runner.js:167415:23)\n    at Promise._settlePromiseFromHandler (http://localhost:33889/__cypress/runner/cypress_runner.js:165351:31)\n    at Promise._settlePromise (http://localhost:33889/__cypress/runner/cypress_runner.js:165408:18)\n    at Promise._settlePromise0 (http://localhost:33889/__cypress/runner/cypress_runner.js:165453:10)\n    at Promise._settlePromises (http://localhost:33889/__cypress/runner/cypress_runner.js:165528:18)\n    at Async../node_modules/bluebird/js/release/async.js.Async._drainQueue (http://localhost:33889/__cypress/runner/cypress_runner.js:162140:16)\n    at Async../node_modules/bluebird/js/release/async.js.Async._drainQueues (http://localhost:33889/__cypress/runner/cypress_runner.js:162150:10)\n    at Async.drainQueues (http://localhost:33889/__cypress/runner/cypress_runner.js:162024:14)",
                "diff": null
              },
              "uuid": "14c51881-6214-4552-9d23-3daa7bde2e85",
              "parentUUID": "954d770f-d7f3-4e65-8e52-97331f32e4c8",
              "isHook": false,
              "skipped": false
            },
            {
              "title": "Verifica se o texto do botão é 'Limpar'",
              "fullTitle": "9 - Crie um botão que, ao ser clicado, limpa o quadro preenchendo a cor de todos seus pixels com branco. Verifica se o texto do botão é 'Limpar'",
              "timedOut": null,
              "duration": 4208,
              "state": "failed",
              "speed": null,
              "pass": false,
              "fail": true,
              "pending": false,
              "context": null,
              "code": "cy.get('#clear-board').should('contain.text', 'Limpar');",
              "err": {
                "message": "CypressError: Timed out retrying: Expected to find element: '#clear-board', but never found it.",
                "estack": "CypressError: Timed out retrying: Expected to find element: '#clear-board', but never found it.\n    at cypressErr (http://localhost:33889/__cypress/runner/cypress_runner.js:149934:9)\n    at throwErr (http://localhost:33889/__cypress/runner/cypress_runner.js:149867:11)\n    at Object.throwErrByPath (http://localhost:33889/__cypress/runner/cypress_runner.js:149915:3)\n    at retry (http://localhost:33889/__cypress/runner/cypress_runner.js:144197:19)\n    at onFailFn (http://localhost:33889/__cypress/runner/cypress_runner.js:132448:16)\n    at tryCatcher (http://localhost:33889/__cypress/runner/cypress_runner.js:167415:23)\n    at Promise._settlePromiseFromHandler (http://localhost:33889/__cypress/runner/cypress_runner.js:165351:31)\n    at Promise._settlePromise (http://localhost:33889/__cypress/runner/cypress_runner.js:165408:18)\n    at Promise._settlePromise0 (http://localhost:33889/__cypress/runner/cypress_runner.js:165453:10)\n    at Promise._settlePromises (http://localhost:33889/__cypress/runner/cypress_runner.js:165528:18)\n    at Async../node_modules/bluebird/js/release/async.js.Async._drainQueue (http://localhost:33889/__cypress/runner/cypress_runner.js:162140:16)\n    at Async../node_modules/bluebird/js/release/async.js.Async._drainQueues (http://localhost:33889/__cypress/runner/cypress_runner.js:162150:10)\n    at Async.drainQueues (http://localhost:33889/__cypress/runner/cypress_runner.js:162024:14)",
                "diff": null
              },
              "uuid": "87be7b11-40f3-417e-84d2-d95e0458bc0d",
              "parentUUID": "954d770f-d7f3-4e65-8e52-97331f32e4c8",
              "isHook": false,
              "skipped": false
            },
            {
              "title": "Verifica se ao clicar no botão, o quadro de pixels é totalmente preenchido de branco",
              "fullTitle": "9 - Crie um botão que, ao ser clicado, limpa o quadro preenchendo a cor de todos seus pixels com branco. Verifica se ao clicar no botão, o quadro de pixels é totalmente preenchido de branco",
              "timedOut": null,
              "duration": 4319,
              "state": "failed",
              "speed": null,
              "pass": false,
              "fail": true,
              "pending": false,
              "context": null,
              "code": "cy.get('.color').eq(1).then(function (color) {\n  var backgroundColor = color.css('background-color');\n  cy.wrap(color).click();\n  cy.get('.pixel').each(function (pixel) {\n    cy.wrap(pixel).click().should('have.css', 'background-color', backgroundColor);\n  });\n});\ncy.get('#clear-board').click();\ncy.get('.pixel').each(function (pixel) {\n  cy.wrap(pixel).should('have.css', 'background-color', WHITE);\n});",
              "err": {
                "message": "CypressError: Timed out retrying: expected '<div.pixel>' to have CSS property 'background-color' with the value 'rgb(255, 255, 0)', but the value was 'rgb(255, 255, 255)'",
                "estack": "CypressError: Timed out retrying: expected '<div.pixel>' to have CSS property 'background-color' with the value 'rgb(255, 255, 0)', but the value was 'rgb(255, 255, 255)'\n    at cypressErr (http://localhost:33889/__cypress/runner/cypress_runner.js:149934:9)\n    at throwErr (http://localhost:33889/__cypress/runner/cypress_runner.js:149867:11)\n    at Object.throwErrByPath (http://localhost:33889/__cypress/runner/cypress_runner.js:149915:3)\n    at retry (http://localhost:33889/__cypress/runner/cypress_runner.js:144197:19)\n    at onFailFn (http://localhost:33889/__cypress/runner/cypress_runner.js:132448:16)\n    at tryCatcher (http://localhost:33889/__cypress/runner/cypress_runner.js:167415:23)\n    at Promise._settlePromiseFromHandler (http://localhost:33889/__cypress/runner/cypress_runner.js:165351:31)\n    at Promise._settlePromise (http://localhost:33889/__cypress/runner/cypress_runner.js:165408:18)\n    at Promise._settlePromise0 (http://localhost:33889/__cypress/runner/cypress_runner.js:165453:10)\n    at Promise._settlePromises (http://localhost:33889/__cypress/runner/cypress_runner.js:165528:18)\n    at Async../node_modules/bluebird/js/release/async.js.Async._drainQueue (http://localhost:33889/__cypress/runner/cypress_runner.js:162140:16)\n    at Async../node_modules/bluebird/js/release/async.js.Async._drainQueues (http://localhost:33889/__cypress/runner/cypress_runner.js:162150:10)\n    at Async.drainQueues (http://localhost:33889/__cypress/runner/cypress_runner.js:162024:14)",
                "diff": null
              },
              "uuid": "1cd45abc-77fd-4fdf-9989-0c799aae2fa3",
              "parentUUID": "954d770f-d7f3-4e65-8e52-97331f32e4c8",
              "isHook": false,
              "skipped": false
            }
          ],
          "suites": [],
          "passes": [],
          "failures": [
            "f0285bbb-b1c7-4d39-8ba1-1442f649e978",
            "14c51881-6214-4552-9d23-3daa7bde2e85",
            "87be7b11-40f3-417e-84d2-d95e0458bc0d",
            "1cd45abc-77fd-4fdf-9989-0c799aae2fa3"
          ],
          "pending": [],
          "skipped": [],
          "duration": 16906,
          "root": false,
          "rootEmpty": false,
          "_timeout": 2000
        },
        {
          "uuid": "c7a6638f-691e-4278-8a68-78134ea8c6fc",
          "title": "10 - Faça o quadro de pixels ter seu tamanho definido pelo usuário.",
          "fullFile": "",
          "file": "",
          "beforeHooks": [],
          "afterHooks": [],
          "tests": [
            {
              "title": "Verifica se existe um input com o id `board-size`",
              "fullTitle": "10 - Faça o quadro de pixels ter seu tamanho definido pelo usuário. Verifica se existe um input com o id `board-size`",
              "timedOut": null,
              "duration": 4199,
              "state": "failed",
              "speed": null,
              "pass": false,
              "fail": true,
              "pending": false,
              "context": null,
              "code": "cy.get('#board-size').should('be.visible');",
              "err": {
                "message": "CypressError: Timed out retrying: Expected to find element: '#board-size', but never found it.",
                "estack": "CypressError: Timed out retrying: Expected to find element: '#board-size', but never found it.\n    at cypressErr (http://localhost:33889/__cypress/runner/cypress_runner.js:149934:9)\n    at throwErr (http://localhost:33889/__cypress/runner/cypress_runner.js:149867:11)\n    at Object.throwErrByPath (http://localhost:33889/__cypress/runner/cypress_runner.js:149915:3)\n    at retry (http://localhost:33889/__cypress/runner/cypress_runner.js:144197:19)\n    at onFailFn (http://localhost:33889/__cypress/runner/cypress_runner.js:132448:16)\n    at tryCatcher (http://localhost:33889/__cypress/runner/cypress_runner.js:167415:23)\n    at Promise._settlePromiseFromHandler (http://localhost:33889/__cypress/runner/cypress_runner.js:165351:31)\n    at Promise._settlePromise (http://localhost:33889/__cypress/runner/cypress_runner.js:165408:18)\n    at Promise._settlePromise0 (http://localhost:33889/__cypress/runner/cypress_runner.js:165453:10)\n    at Promise._settlePromises (http://localhost:33889/__cypress/runner/cypress_runner.js:165528:18)\n    at Async../node_modules/bluebird/js/release/async.js.Async._drainQueue (http://localhost:33889/__cypress/runner/cypress_runner.js:162140:16)\n    at Async../node_modules/bluebird/js/release/async.js.Async._drainQueues (http://localhost:33889/__cypress/runner/cypress_runner.js:162150:10)\n    at Async.drainQueues (http://localhost:33889/__cypress/runner/cypress_runner.js:162024:14)",
                "diff": null
              },
              "uuid": "bdcc6e7b-e89f-45b7-8078-74fc94149ac1",
              "parentUUID": "c7a6638f-691e-4278-8a68-78134ea8c6fc",
              "isHook": false,
              "skipped": false
            },
            {
              "title": "Verifica se existe um botão com o id `generate-board`",
              "fullTitle": "10 - Faça o quadro de pixels ter seu tamanho definido pelo usuário. Verifica se existe um botão com o id `generate-board`",
              "timedOut": null,
              "duration": 4222,
              "state": "failed",
              "speed": null,
              "pass": false,
              "fail": true,
              "pending": false,
              "context": null,
              "code": "cy.get('#generate-board').should('be.visible');",
              "err": {
                "message": "CypressError: Timed out retrying: Expected to find element: '#generate-board', but never found it.",
                "estack": "CypressError: Timed out retrying: Expected to find element: '#generate-board', but never found it.\n    at cypressErr (http://localhost:33889/__cypress/runner/cypress_runner.js:149934:9)\n    at throwErr (http://localhost:33889/__cypress/runner/cypress_runner.js:149867:11)\n    at Object.throwErrByPath (http://localhost:33889/__cypress/runner/cypress_runner.js:149915:3)\n    at retry (http://localhost:33889/__cypress/runner/cypress_runner.js:144197:19)\n    at onFailFn (http://localhost:33889/__cypress/runner/cypress_runner.js:132448:16)\n    at tryCatcher (http://localhost:33889/__cypress/runner/cypress_runner.js:167415:23)\n    at Promise._settlePromiseFromHandler (http://localhost:33889/__cypress/runner/cypress_runner.js:165351:31)\n    at Promise._settlePromise (http://localhost:33889/__cypress/runner/cypress_runner.js:165408:18)\n    at Promise._settlePromise0 (http://localhost:33889/__cypress/runner/cypress_runner.js:165453:10)\n    at Promise._settlePromises (http://localhost:33889/__cypress/runner/cypress_runner.js:165528:18)\n    at Async../node_modules/bluebird/js/release/async.js.Async._drainQueue (http://localhost:33889/__cypress/runner/cypress_runner.js:162140:16)\n    at Async../node_modules/bluebird/js/release/async.js.Async._drainQueues (http://localhost:33889/__cypress/runner/cypress_runner.js:162150:10)\n    at Async.drainQueues (http://localhost:33889/__cypress/runner/cypress_runner.js:162024:14)",
                "diff": null
              },
              "uuid": "e2fdd4a0-f074-4ff5-8771-11ca596798e3",
              "parentUUID": "c7a6638f-691e-4278-8a68-78134ea8c6fc",
              "isHook": false,
              "skipped": false
            },
            {
              "title": "Verifica se o input só aceita número maiores que zero. Essa restrição deve ser feita usando os atributos do elemento `input`",
              "fullTitle": "10 - Faça o quadro de pixels ter seu tamanho definido pelo usuário. Verifica se o input só aceita número maiores que zero. Essa restrição deve ser feita usando os atributos do elemento `input`",
              "timedOut": null,
              "duration": 4179,
              "state": "failed",
              "speed": null,
              "pass": false,
              "fail": true,
              "pending": false,
              "context": null,
              "code": "cy.get('#board-size[type=\\'number\\'][min=\\'1\\']');",
              "err": {
                "message": "CypressError: Timed out retrying: Expected to find element: '#board-size[type='number'][min='1']', but never found it.",
                "estack": "CypressError: Timed out retrying: Expected to find element: '#board-size[type='number'][min='1']', but never found it.\n    at cypressErr (http://localhost:33889/__cypress/runner/cypress_runner.js:149934:9)\n    at throwErr (http://localhost:33889/__cypress/runner/cypress_runner.js:149867:11)\n    at Object.throwErrByPath (http://localhost:33889/__cypress/runner/cypress_runner.js:149915:3)\n    at retry (http://localhost:33889/__cypress/runner/cypress_runner.js:144197:19)\n    at onFailFn (http://localhost:33889/__cypress/runner/cypress_runner.js:132448:16)\n    at tryCatcher (http://localhost:33889/__cypress/runner/cypress_runner.js:167415:23)\n    at Promise._settlePromiseFromHandler (http://localhost:33889/__cypress/runner/cypress_runner.js:165351:31)\n    at Promise._settlePromise (http://localhost:33889/__cypress/runner/cypress_runner.js:165408:18)\n    at Promise._settlePromise0 (http://localhost:33889/__cypress/runner/cypress_runner.js:165453:10)\n    at Promise._settlePromises (http://localhost:33889/__cypress/runner/cypress_runner.js:165528:18)\n    at Async../node_modules/bluebird/js/release/async.js.Async._drainQueue (http://localhost:33889/__cypress/runner/cypress_runner.js:162140:16)\n    at Async../node_modules/bluebird/js/release/async.js.Async._drainQueues (http://localhost:33889/__cypress/runner/cypress_runner.js:162150:10)\n    at Async.drainQueues (http://localhost:33889/__cypress/runner/cypress_runner.js:162024:14)",
                "diff": null
              },
              "uuid": "cf182ad7-3934-4d80-a1d7-1def8e27a6aa",
              "parentUUID": "c7a6638f-691e-4278-8a68-78134ea8c6fc",
              "isHook": false,
              "skipped": false
            },
            {
              "title": "Verifica se o botão contém o texto 'VQV'",
              "fullTitle": "10 - Faça o quadro de pixels ter seu tamanho definido pelo usuário. Verifica se o botão contém o texto 'VQV'",
              "timedOut": null,
              "duration": 4184,
              "state": "failed",
              "speed": null,
              "pass": false,
              "fail": true,
              "pending": false,
              "context": null,
              "code": "cy.get('#generate-board').contains(/vqv/i);",
              "err": {
                "message": "CypressError: Timed out retrying: Expected to find element: '#generate-board', but never found it.",
                "estack": "CypressError: Timed out retrying: Expected to find element: '#generate-board', but never found it.\n    at cypressErr (http://localhost:33889/__cypress/runner/cypress_runner.js:149934:9)\n    at throwErr (http://localhost:33889/__cypress/runner/cypress_runner.js:149867:11)\n    at Object.throwErrByPath (http://localhost:33889/__cypress/runner/cypress_runner.js:149915:3)\n    at retry (http://localhost:33889/__cypress/runner/cypress_runner.js:144197:19)\n    at onFailFn (http://localhost:33889/__cypress/runner/cypress_runner.js:132448:16)\n    at tryCatcher (http://localhost:33889/__cypress/runner/cypress_runner.js:167415:23)\n    at Promise._settlePromiseFromHandler (http://localhost:33889/__cypress/runner/cypress_runner.js:165351:31)\n    at Promise._settlePromise (http://localhost:33889/__cypress/runner/cypress_runner.js:165408:18)\n    at Promise._settlePromise0 (http://localhost:33889/__cypress/runner/cypress_runner.js:165453:10)\n    at Promise._settlePromises (http://localhost:33889/__cypress/runner/cypress_runner.js:165528:18)\n    at Async../node_modules/bluebird/js/release/async.js.Async._drainQueue (http://localhost:33889/__cypress/runner/cypress_runner.js:162140:16)\n    at Async../node_modules/bluebird/js/release/async.js.Async._drainQueues (http://localhost:33889/__cypress/runner/cypress_runner.js:162150:10)\n    at Async.drainQueues (http://localhost:33889/__cypress/runner/cypress_runner.js:162024:14)",
                "diff": null
              },
              "uuid": "57f1fb45-5fee-4ea4-9ae2-6bde7c93327a",
              "parentUUID": "c7a6638f-691e-4278-8a68-78134ea8c6fc",
              "isHook": false,
              "skipped": false
            },
            {
              "title": "Verifica se o input está posicionado entre a paleta de cores e o quadro de pixels",
              "fullTitle": "10 - Faça o quadro de pixels ter seu tamanho definido pelo usuário. Verifica se o input está posicionado entre a paleta de cores e o quadro de pixels",
              "timedOut": null,
              "duration": 4186,
              "state": "failed",
              "speed": null,
              "pass": false,
              "fail": true,
              "pending": false,
              "context": null,
              "code": "cy.get('#color-palette').then(function (palette) {\n  cy.get('#board-size').should('be.belowOf', palette);\n});\ncy.get('#board-size').then(function (palette) {\n  cy.get('#pixel-board').should('be.belowOf', palette);\n});",
              "err": {
                "message": "CypressError: Timed out retrying: Expected to find element: '#board-size', but never found it.",
                "estack": "CypressError: Timed out retrying: Expected to find element: '#board-size', but never found it.\n    at cypressErr (http://localhost:33889/__cypress/runner/cypress_runner.js:149934:9)\n    at throwErr (http://localhost:33889/__cypress/runner/cypress_runner.js:149867:11)\n    at Object.throwErrByPath (http://localhost:33889/__cypress/runner/cypress_runner.js:149915:3)\n    at retry (http://localhost:33889/__cypress/runner/cypress_runner.js:144197:19)\n    at onFailFn (http://localhost:33889/__cypress/runner/cypress_runner.js:132448:16)\n    at tryCatcher (http://localhost:33889/__cypress/runner/cypress_runner.js:167415:23)\n    at Promise._settlePromiseFromHandler (http://localhost:33889/__cypress/runner/cypress_runner.js:165351:31)\n    at Promise._settlePromise (http://localhost:33889/__cypress/runner/cypress_runner.js:165408:18)\n    at Promise._settlePromise0 (http://localhost:33889/__cypress/runner/cypress_runner.js:165453:10)\n    at Promise._settlePromises (http://localhost:33889/__cypress/runner/cypress_runner.js:165528:18)\n    at Async../node_modules/bluebird/js/release/async.js.Async._drainQueue (http://localhost:33889/__cypress/runner/cypress_runner.js:162140:16)\n    at Async../node_modules/bluebird/js/release/async.js.Async._drainQueues (http://localhost:33889/__cypress/runner/cypress_runner.js:162150:10)\n    at Async.drainQueues (http://localhost:33889/__cypress/runner/cypress_runner.js:162024:14)",
                "diff": null
              },
              "uuid": "57be7f8b-9970-4d17-89cc-e335b0ea6612",
              "parentUUID": "c7a6638f-691e-4278-8a68-78134ea8c6fc",
              "isHook": false,
              "skipped": false
            },
            {
              "title": "Verifica se o botão está posicionado ao lado do input",
              "fullTitle": "10 - Faça o quadro de pixels ter seu tamanho definido pelo usuário. Verifica se o botão está posicionado ao lado do input",
              "timedOut": null,
              "duration": 4199,
              "state": "failed",
              "speed": null,
              "pass": false,
              "fail": true,
              "pending": false,
              "context": null,
              "code": "cy.get('#board-size').then(function (board) {\n  cy.get('#generate-board').should('be.onTheRightOf', board);\n});",
              "err": {
                "message": "CypressError: Timed out retrying: Expected to find element: '#board-size', but never found it.",
[...]
                "diff": null
              },
              "uuid": "4ce3ab5e-e9aa-4c43-a928-66bfff74c100",
              "parentUUID": "c7a6638f-691e-4278-8a68-78134ea8c6fc",
              "isHook": false,
              "skipped": false
            },
            {
              "title": "Verifica se o novo quadro tem todos os pixels preenchidos com a cor branca",
              "fullTitle": "10 - Faça o quadro de pixels ter seu tamanho definido pelo usuário. Verifica se o novo quadro tem todos os pixels preenchidos com a cor branca",
              "timedOut": null,
              "duration": 4177,
              "state": "failed",
              "speed": null,
              "pass": false,
              "fail": true,
              "pending": false,
              "context": null,
              "code": "cy.get('#board-size').clear().type(6);\ncy.get('#generate-board').click();\ncy.get('.pixel').should('have.length', 36).each(function (pixel) {\n  expect(pixel).to.have.css('background-color', WHITE);\n});",
              "err": {
                "message": "CypressError: Timed out retrying: Expected to find element: '#board-size', but never found it.",
                "estack": "CypressError: Timed out retrying: Expected to find element: '#board-size', but never found it.\n    at cypressErr (http://localhost:33889/__cypress/runner/cypress_runner.js:149934:9)\n    at throwErr (http://localhost:33889/__cypress/runner/cypress_runner.js:149867:11)\n    at Object.throwErrByPath (http://localhost:33889/__cypress/runner/cypress_runner.js:149915:3)\n    at retry (http://localhost:33889/__cypress/runner/cypress_runner.js:144197:19)\n    at onFailFn (http://localhost:33889/__cypress/runner/cypress_runner.js:132448:16)\n    at tryCatcher (http://localhost:33889/__cypress/runner/cypress_runner.js:167415:23)\n    at Promise._settlePromiseFromHandler (http://localhost:33889/__cypress/runner/cypress_runner.js:165351:31)\n    at Promise._settlePromise (http://localhost:33889/__cypress/runner/cypress_runner.js:165408:18)\n    at Promise._settlePromise0 (http://localhost:33889/__cypress/runner/cypress_runner.js:165453:10)\n    at Promise._settlePromises (http://localhost:33889/__cypress/runner/cypress_runner.js:165528:18)\n    at Async../node_modules/bluebird/js/release/async.js.Async._drainQueue (http://localhost:33889/__cypress/runner/cypress_runner.js:162140:16)\n    at Async../node_modules/bluebird/js/release/async.js.Async._drainQueues (http://localhost:33889/__cypress/runner/cypress_runner.js:162150:10)\n    at Async.drainQueues (http://localhost:33889/__cypress/runner/cypress_runner.js:162024:14)",
                "diff": null
              },
              "uuid": "a4498489-0c0c-49a7-a79d-52caf9fe3f52",
              "parentUUID": "c7a6638f-691e-4278-8a68-78134ea8c6fc",
              "isHook": false,
              "skipped": false
            }
          ],
          "suites": [],
          "passes": [],
          "failures": [
            "bdcc6e7b-e89f-45b7-8078-74fc94149ac1",
            "e2fdd4a0-f074-4ff5-8771-11ca596798e3",
            "cf182ad7-3934-4d80-a1d7-1def8e27a6aa",
            "57f1fb45-5fee-4ea4-9ae2-6bde7c93327a",
            "57be7f8b-9970-4d17-89cc-e335b0ea6612",
            "acfb5d58-5046-47dc-b449-efecb3d924da",
            "5c4e44bd-2242-4dad-a36d-f6f8339ba80f",
            "4ce3ab5e-e9aa-4c43-a928-66bfff74c100",
            "a4498489-0c0c-49a7-a79d-52caf9fe3f52"
          ],
          "pending": [],
          "skipped": [],
          "duration": 37739,
          "root": false,
          "rootEmpty": false,
          "_timeout": 2000
        },
        {
          "uuid": "11f2529d-f14b-4a3b-9b66-127f926fd48e",
          "title": "11 - Limite o tamanho mínimo e máximo do board.",
          "fullFile": "",
          "file": "",
          "beforeHooks": [],
          "afterHooks": [],
          "tests": [
            {
              "title": "Verifica se a altura máxima do board é 50",
              "fullTitle": "11 - Limite o tamanho mínimo e máximo do board. Verifica se a altura máxima do board é 50",
              "timedOut": null,
              "duration": 4250,
              "state": "failed",
              "speed": null,
              "pass": false,
              "fail": true,
              "pending": false,
              "context": null,
              "code": "cy.get('#board-size').clear().type(50);\ncy.get('#generate-board').click();\ncy.get('.pixel').should('have.length', 2500);",
              "err": {
                "message": "CypressError: Timed out retrying: Expected to find element: '#board-size', but never found it.",
                "estack": "CypressError: Timed out retrying: Expected to find element: '#board-size', but never found it.\n    at cypressErr (http://localhost:33889/__cypress/runner/cypress_runner.js:149934:9)\n    at throwErr (http://localhost:33889/__cypress/runner/cypress_runner.js:149867:11)\n    at Object.throwErrByPath (http://localhost:33889/__cypress/runner/cypress_runner.js:149915:3)\n    at retry (http://localhost:33889/__cypress/runner/cypress_runner.js:144197:19)\n    at onFailFn (http://localhost:33889/__cypress/runner/cypress_runner.js:132448:16)\n    at tryCatcher (http://localhost:33889/__cypress/runner/cypress_runner.js:167415:23)\n    at Promise._settlePromiseFromHandler (http://localhost:33889/__cypress/runner/cypress_runner.js:165351:31)\n    at Promise._settlePromise (http://localhost:33889/__cypress/runner/cypress_runner.js:165408:18)\n    at Promise._settlePromise0 (http://localhost:33889/__cypress/runner/cypress_runner.js:165453:10)\n    at Promise._settlePromises (http://localhost:33889/__cypress/runner/cypress_runner.js:165528:18)\n    at Async../node_modules/bluebird/js/release/async.js.Async._drainQueue (http://localhost:33889/__cypress/runner/cypress_runner.js:162140:16)\n    at Async../node_modules/bluebird/js/release/async.js.Async._drainQueues (http://localhost:33889/__cypress/runner/cypress_runner.js:162150:10)\n    at Async.drainQueues (http://localhost:33889/__cypress/runner/cypress_runner.js:162024:14)",
                "diff": null
              },
              "uuid": "37324646-b259-432a-b47a-d5c3ece6820c",
              "parentUUID": "11f2529d-f14b-4a3b-9b66-127f926fd48e",
              "isHook": false,
              "skipped": false
            },
            {
              "title": "Verifica se a altura do board é 5 quando um valor menor é colocado no input",
              "fullTitle": "11 - Limite o tamanho mínimo e máximo do board. Verifica se a altura do board é 5 quando um valor menor é colocado no input",
              "timedOut": null,
              "duration": 4178,
              "state": "failed",
              "speed": null,
              "pass": false,
              "fail": true,
              "pending": false,
              "context": null,
              "code": "cy.get('#board-size').clear().type(4);\ncy.get('#generate-board').click();\ncy.get('.pixel').should('have.length', 25);",
              "err": {
                "message": "CypressError: Timed out retrying: Expected to find element: '#board-size', but never found it.",
                "estack": "CypressError: Timed out retrying: Expected to find element: '#board-size', but never found it.\n    at cypressErr (http://localhost:33889/__cypress/runner/cypress_runner.js:149934:9)\n    at throwErr (http://localhost:33889/__cypress/runner/cypress_runner.js:149867:11)\n    at Object.throwErrByPath (http://localhost:33889/__cypress/runner/cypress_runner.js:149915:3)\n    at retry (http://localhost:33889/__cypress/runner/cypress_runner.js:144197:19)\n    at onFailFn (http://localhost:33889/__cypress/runner/cypress_runner.js:132448:16)\n    at tryCatcher (http://localhost:33889/__cypress/runner/cypress_runner.js:167415:23)\n    at Promise._settlePromiseFromHandler (http://localhost:33889/__cypress/runner/cypress_runner.js:165351:31)\n    at Promise._settlePromise (http://localhost:33889/__cypress/runner/cypress_runner.js:165408:18)\n    at Promise._settlePromise0 (http://localhost:33889/__cypress/runner/cypress_runner.js:165453:10)\n    at Promise._settlePromises (http://localhost:33889/__cypress/runner/cypress_runner.js:165528:18)\n    at Async../node_modules/bluebird/js/release/async.js.Async._drainQueue (http://localhost:33889/__cypress/runner/cypress_runner.js:162140:16)\n    at Async../node_modules/bluebird/js/release/async.js.Async._drainQueues (http://localhost:33889/__cypress/runner/cypress_runner.js:162150:10)\n    at Async.drainQueues (http://localhost:33889/__cypress/runner/cypress_runner.js:162024:14)",
                "diff": null
              },
              "uuid": "e84c5fbd-0c8f-4315-a230-d34e5b99388c",
              "parentUUID": "11f2529d-f14b-4a3b-9b66-127f926fd48e",
              "isHook": false,
              "skipped": false
            },
            {
              "title": "Verifica se a altura do board é 50 quando um valor maior é colocado no input",
              "fullTitle": "11 - Limite o tamanho mínimo e máximo do board. Verifica se a altura do board é 50 quando um valor maior é colocado no input",
              "timedOut": null,
              "duration": 4201,
              "state": "failed",
              "speed": null,
              "pass": false,
              "fail": true,
              "pending": false,
              "context": null,
              "code": "cy.get('#board-size').clear().type(51);\ncy.get('#generate-board').click();\ncy.get('.pixel').should('have.length', 2500);",
              "err": {
                "message": "CypressError: Timed out retrying: Expected to find element: '#board-size', but never found it.",
                "estack": "CypressError: Timed out retrying: Expected to find element: '#board-size', but never found it.\n    at cypressErr (http://localhost:33889/__cypress/runner/cypress_runner.js:149934:9)\n    at throwErr (http://localhost:33889/__cypress/runner/cypress_runner.js:149867:11)\n    at Object.throwErrByPath (http://localhost:33889/__cypress/runner/cypress_runner.js:149915:3)\n    at retry (http://localhost:33889/__cypress/runner/cypress_runner.js:144197:19)\n    at onFailFn (http://localhost:33889/__cypress/runner/cypress_runner.js:132448:16)\n    at tryCatcher (http://localhost:33889/__cypress/runner/cypress_runner.js:167415:23)\n    at Promise._settlePromiseFromHandler (http://localhost:33889/__cypress/runner/cypress_runner.js:165351:31)\n    at Promise._settlePromise (http://localhost:33889/__cypress/runner/cypress_runner.js:165408:18)\n    at Promise._settlePromise0 (http://localhost:33889/__cypress/runner/cypress_runner.js:165453:10)\n    at Promise._settlePromises (http://localhost:33889/__cypress/runner/cypress_runner.js:165528:18)\n    at Async../node_modules/bluebird/js/release/async.js.Async._drainQueue (http://localhost:33889/__cypress/runner/cypress_runner.js:162140:16)\n    at Async../node_modules/bluebird/js/release/async.js.Async._drainQueues (http://localhost:33889/__cypress/runner/cypress_runner.js:162150:10)\n    at Async.drainQueues (http://localhost:33889/__cypress/runner/cypress_runner.js:162024:14)",
                "diff": null
              },
              "uuid": "ba3ddbc0-99c6-4e6b-86d0-417410240a3c",
              "parentUUID": "11f2529d-f14b-4a3b-9b66-127f926fd48e",
              "isHook": false,
              "skipped": false
            }
          ],
          "suites": [],
          "passes": [],
          "failures": [
            "37324646-b259-432a-b47a-d5c3ece6820c",
            "e84c5fbd-0c8f-4315-a230-d34e5b99388c",
            "ba3ddbc0-99c6-4e6b-86d0-417410240a3c"
          ],
          "pending": [],
          "skipped": [],
          "duration": 12629,
          "root": false,
          "rootEmpty": false,
          "_timeout": 2000
        },
        {
          "uuid": "f8b2a175-f372-494d-b096-33a7bc3f66b9",
          "title": "12 - Faça com que as cores da paleta sejam geradas aleatoriamente ao carregar a página.",
          "fullFile": "",
          "file": "",
          "beforeHooks": [],
          "afterHooks": [],
          "tests": [
            {
              "title": "Verifica se as cores geradas na paleta são diferentes a cada carregamento da página",
              "fullTitle": "12 - Faça com que as cores da paleta sejam geradas aleatoriamente ao carregar a página. Verifica se as cores geradas na paleta são diferentes a cada carregamento da página",
              "timedOut": null,
              "duration": 261,
              "state": "failed",
              "speed": null,
              "pass": false,
              "fail": true,
              "pending": false,
              "context": null,
              "code": "cy.get('.color').then(function (colors) {\n  var currentColors;\n  var previousColors;\n  previousColors = Array.from(colors).map(function (color) {\n    return Cypress.$(color).css('background-color');\n  });\n  for (var i = 0; i < 5; i += 1) {\n    cy.reload();\n    cy.get('.color').then(function (colors) {\n      currentColors = Array.from(colors).map(function (color) {\n        return Cypress.$(color).css('background-color');\n      });\n      expect(currentColors).not.to.deep.equal(previousColors);\n      previousColors = currentColors;\n    });\n  }\n});",
              "err": {
                "message": "AssertionError: expected [ Array(4) ] to not deeply equal [ Array(4) ]",
                "estack": "AssertionError: expected [ Array(4) ] to not deeply equal [ Array(4) ]\n    at getRet (http://localhost:33889/__cypress/runner/cypress_runner.js:136585:16)\n    at tryCatcher (http://localhost:33889/__cypress/runner/cypress_runner.js:167415:23)\n    at Function.Promise.attempt.Promise.try (http://localhost:33889/__cypress/runner/cypress_runner.js:164690:29)\n    at Context.thenFn (http://localhost:33889/__cypress/runner/cypress_runner.js:136599:23)\n    at Context.then (http://localhost:33889/__cypress/runner/cypress_runner.js:136971:21)\n    at Context.<anonymous> (http://localhost:33889/__cypress/runner/cypress_runner.js:148875:21)\n    at http://localhost:33889/__cypress/runner/cypress_runner.js:148351:33\n    at tryCatcher (http://localhost:33889/__cypress/runner/cypress_runner.js:167415:23)\n    at Promise._settlePromiseFromHandler (http://localhost:33889/__cypress/runner/cypress_runner.js:165351:31)\n    at Promise._settlePromise (http://localhost:33889/__cypress/runner/cypress_runner.js:165408:18)\n    at Promise._settlePromiseCtx (http://localhost:33889/__cypress/runner/cypress_runner.js:165445:10)\n    at Async../node_modules/bluebird/js/release/async.js.Async._drainQueue (http://localhost:33889/__cypress/runner/cypress_runner.js:162145:12)\n    at Async../node_modules/bluebird/js/release/async.js.Async._drainQueues (http://localhost:33889/__cypress/runner/cypress_runner.js:162150:10)\n    at Async.drainQueues (http://localhost:33889/__cypress/runner/cypress_runner.js:162024:14)",
                "diff": ""
              },
              "uuid": "2f4a2db9-8923-427a-94e4-66e7615d5856",
              "parentUUID": "f8b2a175-f372-494d-b096-33a7bc3f66b9",
              "isHook": false,
              "skipped": false
            },
            {
              "title": "Verifica se a cor preta ainda está presente e é a primeira na sua paleta de cores",
              "fullTitle": "12 - Faça com que as cores da paleta sejam geradas aleatoriamente ao carregar a página. Verifica se a cor preta ainda está presente e é a primeira na sua paleta de cores",
              "timedOut": null,
              "duration": 233,
              "state": "failed",
              "speed": null,
              "pass": false,
              "fail": true,
              "pending": false,
              "context": null,
              "code": "cy.get('.color').then(function (colors) {\n  var currentColors;\n  var previousColors;\n  previousColors = Array.from(colors).map(function (color) {\n    return Cypress.$(color).css('background-color');\n  });\n  expect(previousColors[0]).to.eq(BLACK);\n  for (var i = 0; i < 5; i += 1) {\n    cy.reload();\n    cy.get('.color').then(function (colors) {\n      currentColors = Array.from(colors).map(function (color) {\n        return Cypress.$(color).css('background-color');\n      });\n      expect(currentColors[0]).to.eq(BLACK);\n      expect(currentColors).not.to.deep.equal(previousColors);\n      previousColors = currentColors;\n    });\n  }\n});",
              "err": {
                "message": "AssertionError: expected [ Array(4) ] to not deeply equal [ Array(4) ]",
                "estack": "AssertionError: expected [ Array(4) ] to not deeply equal [ Array(4) ]\n    at getRet (http://localhost:33889/__cypress/runner/cypress_runner.js:136585:16)\n    at tryCatcher (http://localhost:33889/__cypress/runner/cypress_runner.js:167415:23)\n    at Function.Promise.attempt.Promise.try (http://localhost:33889/__cypress/runner/cypress_runner.js:164690:29)\n    at Context.thenFn (http://localhost:33889/__cypress/runner/cypress_runner.js:136599:23)\n    at Context.then (http://localhost:33889/__cypress/runner/cypress_runner.js:136971:21)\n    at Context.<anonymous> (http://localhost:33889/__cypress/runner/cypress_runner.js:148875:21)\n    at http://localhost:33889/__cypress/runner/cypress_runner.js:148351:33\n    at tryCatcher (http://localhost:33889/__cypress/runner/cypress_runner.js:167415:23)\n    at Promise._settlePromiseFromHandler (http://localhost:33889/__cypress/runner/cypress_runner.js:165351:31)\n    at Promise._settlePromise (http://localhost:33889/__cypress/runner/cypress_runner.js:165408:18)\n    at Promise._settlePromiseCtx (http://localhost:33889/__cypress/runner/cypress_runner.js:165445:10)\n    at Async../node_modules/bluebird/js/release/async.js.Async._drainQueue (http://localhost:33889/__cypress/runner/cypress_runner.js:162145:12)\n    at Async../node_modules/bluebird/js/release/async.js.Async._drainQueues (http://localhost:33889/__cypress/runner/cypress_runner.js:162150:10)\n    at Async.drainQueues (http://localhost:33889/__cypress/runner/cypress_runner.js:162024:14)",
                "diff": ""
              },
              "uuid": "25f15ba9-7af3-4e71-87a2-ab6663f3122f",
              "parentUUID": "f8b2a175-f372-494d-b096-33a7bc3f66b9",
              "isHook": false,
              "skipped": false
            }
          ],
          "suites": [],
          "passes": [],
          "failures": [
            "2f4a2db9-8923-427a-94e4-66e7615d5856",
            "25f15ba9-7af3-4e71-87a2-ab6663f3122f"
          ],
          "pending": [],
          "skipped": [],
          "duration": 494,
          "root": false,
          "rootEmpty": false,
          "_timeout": 2000
        }
      ],
      "passes": [],
      "failures": [],
      "pending": [],
      "skipped": [],
      "duration": 0,
      "root": true,
      "rootEmpty": true,
      "_timeout": 2000
    }
  ],
  "meta": {
    "mocha": {
      "version": "7.0.1"
    },
    "mochawesome": {
      "options": {
        "quiet": false,
        "reportFilename": "mochawesome",
        "saveHtml": false,
        "saveJson": true,
        "consoleReporter": "spec",
        "useInlineDiffs": false
      },
      "version": "4.1.0"
    },
    "marge": {
      "options": {
        "id": "default",
        "reportDir": "cypress/reports",
        "overwrite": true,
        "html": false,
        "json": true
      },
      "version": "4.1.0"
    }
  }
}